#
# A fatal error has been detected by the Java Runtime Environment:
#
#  EXCEPTION_ACCESS_VIOLATION (0xc0000005) at pc=0x00007ffbea6ce540, pid=14868, tid=16144
#
# JRE version: Java(TM) SE Runtime Environment (18.0.2.1+1) (build 18.0.2.1+1-1)
# Java VM: Java HotSpot(TM) 64-Bit Server VM (18.0.2.1+1-1, mixed mode, sharing, tiered, compressed oops, compressed class ptrs, g1 gc, windows-amd64)
# Problematic frame:
# V  [jvm.dll+0x2ce540]
#
# No core dump will be written. Minidumps are not enabled by default on client versions of Windows
#
# If you would like to submit a bug report, please visit:
#   https://bugreport.java.com/bugreport/crash.jsp
#

---------------  S U M M A R Y ------------

Command Line: --add-opens=java.base/java.util=ALL-UNNAMED --add-opens=java.base/java.lang=ALL-UNNAMED --add-opens=java.base/java.lang.invoke=ALL-UNNAMED --add-opens=java.prefs/java.util.prefs=ALL-UNNAMED --add-opens=java.base/java.nio.charset=ALL-UNNAMED --add-opens=java.base/java.net=ALL-UNNAMED --add-opens=java.base/java.util.concurrent.atomic=ALL-UNNAMED -XX:MaxMetaspaceSize=384m -XX:+HeapDumpOnOutOfMemoryError -Xms256m -Xmx512m -Dfile.encoding=windows-1252 -Duser.country=GB -Duser.language=en -Duser.variant -javaagent:C:\Users\Legion\.gradle\wrapper\dists\gradle-8.3-bin\dxjbbhstwasg8cbags9q7cvli\gradle-8.3\lib\agents\gradle-instrumentation-agent-8.3.jar org.gradle.launcher.daemon.bootstrap.GradleDaemon 8.3

Host: AMD Ryzen 5 4600H with Radeon Graphics         , 12 cores, 15G,  Windows 10 , 64 bit Build 19041 (10.0.19041.3570)
Time: Tue Oct 24 14:30:35 2023 West Asia Standard Time elapsed time: 3.670955 seconds (0d 0h 0m 3s)

---------------  T H R E A D  ---------------

Current thread (0x00000197f43edc50):  JavaThread "C2 CompilerThread2" daemon [_thread_in_native, id=16144, stack(0x0000007fb4e00000,0x0000007fb4f00000)]


Current CompileTask:
C2:   3671 2592       4       java.net.URLClassLoader$1::run (5 bytes)

Stack: [0x0000007fb4e00000,0x0000007fb4f00000],  sp=0x0000007fb4efafa0,  free space=1003k
Native frames: (J=compiled Java code, j=interpreted, Vv=VM code, C=native code)
V  [jvm.dll+0x2ce540]
V  [jvm.dll+0x2cedd2]
V  [jvm.dll+0x2d13b1]
V  [jvm.dll+0x2d1b2c]
V  [jvm.dll+0x2317fa]
V  [jvm.dll+0x22f3cb]
V  [jvm.dll+0x1ba01c]
V  [jvm.dll+0x23ee0a]
V  [jvm.dll+0x23d0f5]
V  [jvm.dll+0x7a6dd1]
V  [jvm.dll+0x7a120a]
V  [jvm.dll+0x698255]
C  [ucrtbase.dll+0x21bb2]
C  [KERNEL32.DLL+0x17344]
C  [ntdll.dll+0x526b1]


siginfo: EXCEPTION_ACCESS_VIOLATION (0xc0000005), reading address 0x00000197f3d31000


Register to memory mapping:

RIP=0x00007ffbea6ce540 jvm.dll
RAX=0x00000197f3d31000 is an unknown value
RBX=0x0 is NULL
RCX=0x0000000000035dd2 is an unknown value
RDX=0x0000000000900000 is an unknown value
RSP=0x0000007fb4efafa0 is pointing into the stack for thread: 0x00000197f43edc50
RBP=0x00000197f286bda0 points into unknown readable memory: 0x00001e7c00001e7c | 7c 1e 00 00 7c 1e 00 00
RSI=0x00000197f3fc20e8 points into unknown readable memory: 0x0000000200000000 | 00 00 00 00 02 00 00 00
RDI=0x00000197f5104218 points into unknown readable memory: 0x0000000200000001 | 01 00 00 00 02 00 00 00
R8 =0x00000197f5104218 points into unknown readable memory: 0x0000000200000001 | 01 00 00 00 02 00 00 00
R9 =0x00000197f42e4940 points into unknown readable memory: 0x00007ffbeacde120 | 20 e1 cd ea fb 7f 00 00
R10=0x00007ffbead1d7c0 jvm.dll
R11=0x00000197f15730d8 points into unknown readable memory: 0x0000000000000001 | 01 00 00 00 00 00 00 00
R12=0x0 is NULL
R13=0x00000197f286be10 points into unknown readable memory: 0x00000197f2306100 | 00 61 30 f2 97 01 00 00
R14=0x00000197f3fc20e8 points into unknown readable memory: 0x0000000200000000 | 00 00 00 00 02 00 00 00
R15=0x00000197f286bda0 points into unknown readable memory: 0x00001e7c00001e7c | 7c 1e 00 00 7c 1e 00 00


Registers:
RAX=0x00000197f3d31000, RBX=0x0000000000000000, RCX=0x0000000000035dd2, RDX=0x0000000000900000
RSP=0x0000007fb4efafa0, RBP=0x00000197f286bda0, RSI=0x00000197f3fc20e8, RDI=0x00000197f5104218
R8 =0x00000197f5104218, R9 =0x00000197f42e4940, R10=0x00007ffbead1d7c0, R11=0x00000197f15730d8
R12=0x0000000000000000, R13=0x00000197f286be10, R14=0x00000197f3fc20e8, R15=0x00000197f286bda0
RIP=0x00007ffbea6ce540, EFLAGS=0x0000000000010287

Top of Stack: (sp=0x0000007fb4efafa0)
0x0000007fb4efafa0:   0000000000000001 00000197f3fc2050
0x0000007fb4efafb0:   00000197f147d018 00000197f286bda0
0x0000007fb4efafc0:   00000197f286bda0 00007ffbea6cedd2
0x0000007fb4efafd0:   00000197f5104218 00000197f42e4940
0x0000007fb4efafe0:   0000000000000019 00000197f0ecb630
0x0000007fb4efaff0:   0000019700000019 0000000000000100
0x0000007fb4efb000:   00000197f286be10 0000000000000000
0x0000007fb4efb010:   0000000000000100 00000197f42e4940
0x0000007fb4efb020:   0000000000000016 00007ffbea6d13b1
0x0000007fb4efb030:   0000007fb4efb130 00000197f0ecb630
0x0000007fb4efb040:   0000000000000000 00000197ec2df7e0
0x0000007fb4efb050:   0000000000000000 0000000000000000
0x0000007fb4efb060:   00000197ec2f7880 0000000400000002
0x0000007fb4efb070:   0000004000000200 0000008000000100
0x0000007fb4efb080:   00001e0300000138 00000197f27920c0
0x0000007fb4efb090:   00000197f40ef530 0000004000000026 

Instructions: (pc=0x00007ffbea6ce540)
0x00007ffbea6ce440:   00 00 00 ba 08 00 00 00 49 89 46 08 0f 11 00 49
0x00007ffbea6ce450:   89 5e 10 48 8b 5d 60 8d 4a fa 48 81 c3 38 01 00
0x00007ffbea6ce460:   00 4c 8b c3 e8 77 e1 09 00 49 89 46 20 0f 57 c0
0x00007ffbea6ce470:   41 c7 46 18 00 00 00 00 41 c7 46 1c 02 00 00 00
0x00007ffbea6ce480:   0f 11 00 0f b6 44 24 50 49 89 5e 28 48 8b 5c 24
0x00007ffbea6ce490:   30 41 88 46 30 41 88 7e 32 41 88 7e 33 48 8b 7c
0x00007ffbea6ce4a0:   24 48 49 89 76 38 41 c6 46 31 01 8b 46 28 48 8b
0x00007ffbea6ce4b0:   74 24 40 41 89 46 40 8b 4d 50 8d 41 01 89 45 50
0x00007ffbea6ce4c0:   49 8b c6 48 8b 6c 24 38 41 89 4e 44 48 83 c4 20
0x00007ffbea6ce4d0:   41 5e c3 cc cc cc cc cc cc cc cc cc cc cc cc cc
0x00007ffbea6ce4e0:   48 89 6c 24 18 48 89 74 24 20 57 48 83 ec 20 49
0x00007ffbea6ce4f0:   8b f8 48 8b f2 48 8b e9 4c 3b 81 c8 00 00 00 75
0x00007ffbea6ce500:   1c 80 7a 65 00 74 12 32 c0 48 8b 6c 24 40 48 8b
0x00007ffbea6ce510:   74 24 48 48 83 c4 20 5f c3 c6 42 65 01 48 63 42
0x00007ffbea6ce520:   48 48 89 5c 24 38 33 db 48 89 7c 24 30 85 c0 7e
0x00007ffbea6ce530:   20 48 8b d0 8b cb 48 8b 46 50 66 0f 1f 44 00 00
0x00007ffbea6ce540:   48 39 38 74 73 48 ff c1 48 83 c0 08 48 3b ca 7c
0x00007ffbea6ce550:   ef 48 8d 54 24 30 48 8d 4e 48 e8 61 16 d4 ff 48
0x00007ffbea6ce560:   3b 7d 58 75 04 b0 01 eb 52 80 7f 30 01 75 10 48
0x00007ffbea6ce570:   8b d6 48 8b cf e8 16 04 00 00 0f b6 d8 eb 39 48
0x00007ffbea6ce580:   63 47 18 48 8d 4e 01 48 89 4c 24 30 85 c0 7e 18
0x00007ffbea6ce590:   48 8b d0 48 8b 47 20 48 39 08 74 34 48 ff c3 48
0x00007ffbea6ce5a0:   83 c0 08 48 3b da 7c ef 48 8d 54 24 30 b3 01 48
0x00007ffbea6ce5b0:   8d 4f 18 e8 08 16 d4 ff 0f b6 c3 48 8b 5c 24 38
0x00007ffbea6ce5c0:   48 8b 6c 24 40 48 8b 74 24 48 48 83 c4 20 5f c3
0x00007ffbea6ce5d0:   32 db eb e4 cc cc cc cc cc cc cc cc cc cc cc cc
0x00007ffbea6ce5e0:   48 89 5c 24 10 48 89 6c 24 18 56 57 41 56 48 83
0x00007ffbea6ce5f0:   ec 20 4c 63 72 28 48 8b f1 8b 4a 2c 48 8b ea 8b
0x00007ffbea6ce600:   c1 83 e0 3f 3c 27 0f 85 3d 01 00 00 48 8b 42 08
0x00007ffbea6ce610:   4c 89 7c 24 40 48 8b 48 30 48 8b 01 ff 50 28 33
0x00007ffbea6ce620:   c9 8b 50 10 83 ea 17 83 fa 02 48 0f 46 c8 48 8b
0x00007ffbea6ce630:   01 ff 90 e0 00 00 00 8b 4d 2c bf 01 00 00 00 83 


Stack slot to memory mapping:
stack at sp + 0 slots: 0x0000000000000001 is an unknown value
stack at sp + 1 slots: 0x00000197f3fc2050 points into unknown readable memory: 0x0000000200000000 | 00 00 00 00 02 00 00 00
stack at sp + 2 slots: 0x00000197f147d018 points into unknown readable memory: 0x00007ffbeacf6cd0 | d0 6c cf ea fb 7f 00 00
stack at sp + 3 slots: 0x00000197f286bda0 points into unknown readable memory: 0x00001e7c00001e7c | 7c 1e 00 00 7c 1e 00 00
stack at sp + 4 slots: 0x00000197f286bda0 points into unknown readable memory: 0x00001e7c00001e7c | 7c 1e 00 00 7c 1e 00 00
stack at sp + 5 slots: 0x00007ffbea6cedd2 jvm.dll
stack at sp + 6 slots: 0x00000197f5104218 points into unknown readable memory: 0x0000000200000001 | 01 00 00 00 02 00 00 00
stack at sp + 7 slots: 0x00000197f42e4940 points into unknown readable memory: 0x00007ffbeacde120 | 20 e1 cd ea fb 7f 00 00


---------------  P R O C E S S  ---------------

Threads class SMR info:
_java_thread_list=0x00000197f3dd3f90, length=29, elements={
0x00000197d1504260, 0x00000197ec26a850, 0x00000197ec26c270, 0x00000197ec27d660,
0x00000197ec27df10, 0x00000197ec2807d0, 0x00000197ec2811c0, 0x00000197ec282c20,
0x00000197ec285130, 0x00000197ec285a20, 0x00000197ec252160, 0x00000197f065ee80,
0x00000197f07190b0, 0x00000197f1f6b8c0, 0x00000197f1f50b30, 0x00000197f20adde0,
0x00000197f1c63790, 0x00000197f1c63c50, 0x00000197f1d4a3f0, 0x00000197f200b050,
0x00000197f2365660, 0x00000197f2363e50, 0x00000197f2365b30, 0x00000197f2367340,
0x00000197f23647f0, 0x00000197f2363980, 0x00000197f43edc50, 0x00000197f2366000,
0x00000197f2364320
}

Java Threads: ( => current thread )
  0x00000197d1504260 JavaThread "main" [_thread_blocked, id=16040, stack(0x0000007fb2800000,0x0000007fb2900000)]
  0x00000197ec26a850 JavaThread "Reference Handler" daemon [_thread_blocked, id=7628, stack(0x0000007fb2f00000,0x0000007fb3000000)]
  0x00000197ec26c270 JavaThread "Finalizer" daemon [_thread_blocked, id=12488, stack(0x0000007fb3000000,0x0000007fb3100000)]
  0x00000197ec27d660 JavaThread "Signal Dispatcher" daemon [_thread_blocked, id=7056, stack(0x0000007fb3100000,0x0000007fb3200000)]
  0x00000197ec27df10 JavaThread "Attach Listener" daemon [_thread_blocked, id=4508, stack(0x0000007fb3200000,0x0000007fb3300000)]
  0x00000197ec2807d0 JavaThread "Service Thread" daemon [_thread_blocked, id=7856, stack(0x0000007fb3300000,0x0000007fb3400000)]
  0x00000197ec2811c0 JavaThread "Monitor Deflation Thread" daemon [_thread_blocked, id=4220, stack(0x0000007fb3400000,0x0000007fb3500000)]
  0x00000197ec282c20 JavaThread "C2 CompilerThread0" daemon [_thread_in_native, id=3252, stack(0x0000007fb3500000,0x0000007fb3600000)]
  0x00000197ec285130 JavaThread "C1 CompilerThread0" daemon [_thread_blocked, id=16696, stack(0x0000007fb3600000,0x0000007fb3700000)]
  0x00000197ec285a20 JavaThread "Sweeper thread" daemon [_thread_blocked, id=10476, stack(0x0000007fb3700000,0x0000007fb3800000)]
  0x00000197ec252160 JavaThread "Common-Cleaner" daemon [_thread_blocked, id=1748, stack(0x0000007fb3800000,0x0000007fb3900000)]
  0x00000197f065ee80 JavaThread "Notification Thread" daemon [_thread_blocked, id=6616, stack(0x0000007fb3900000,0x0000007fb3a00000)]
  0x00000197f07190b0 JavaThread "C2 CompilerThread1" daemon [_thread_blocked, id=10096, stack(0x0000007fb3b00000,0x0000007fb3c00000)]
  0x00000197f1f6b8c0 JavaThread "Daemon health stats" [_thread_blocked, id=16412, stack(0x0000007fb4200000,0x0000007fb4300000)]
  0x00000197f1f50b30 JavaThread "Incoming local TCP Connector on port 50085" [_thread_in_native, id=3268, stack(0x0000007fb4300000,0x0000007fb4400000)]
  0x00000197f20adde0 JavaThread "Daemon periodic checks" [_thread_blocked, id=16028, stack(0x0000007fb4400000,0x0000007fb4500000)]
  0x00000197f1c63790 JavaThread "Daemon" [_thread_blocked, id=1468, stack(0x0000007fb4500000,0x0000007fb4600000)]
  0x00000197f1c63c50 JavaThread "Handler for socket connection from /127.0.0.1:50085 to /127.0.0.1:50086" [_thread_in_native, id=12612, stack(0x0000007fb4600000,0x0000007fb4700000)]
  0x00000197f1d4a3f0 JavaThread "Cancel handler" [_thread_blocked, id=8480, stack(0x0000007fb4700000,0x0000007fb4800000)]
  0x00000197f200b050 JavaThread "Daemon worker" [_thread_in_vm, id=12020, stack(0x0000007fb4800000,0x0000007fb4900000)]
  0x00000197f2365660 JavaThread "Asynchronous log dispatcher for DefaultDaemonConnection: socket connection from /127.0.0.1:50085 to /127.0.0.1:50086" [_thread_blocked, id=11064, stack(0x0000007fb4900000,0x0000007fb4a00000)]
  0x00000197f2363e50 JavaThread "Stdin handler" [_thread_blocked, id=2384, stack(0x0000007fb4a00000,0x0000007fb4b00000)]
  0x00000197f2365b30 JavaThread "Daemon client event forwarder" [_thread_blocked, id=14128, stack(0x0000007fb4b00000,0x0000007fb4c00000)]
  0x00000197f2367340 JavaThread "Cache worker for journal cache (C:\Users\Legion\.gradle\caches\journal-1)" [_thread_blocked, id=7540, stack(0x0000007fb4c00000,0x0000007fb4d00000)]
  0x00000197f23647f0 JavaThread "File lock request listener" [_thread_in_native, id=11972, stack(0x0000007fb4d00000,0x0000007fb4e00000)]
  0x00000197f2363980 JavaThread "Cache worker for file hash cache (C:\Users\Legion\.gradle\caches\8.3\fileHashes)" [_thread_blocked, id=10700, stack(0x0000007fb4100000,0x0000007fb4200000)]
=>0x00000197f43edc50 JavaThread "C2 CompilerThread2" daemon [_thread_in_native, id=16144, stack(0x0000007fb4e00000,0x0000007fb4f00000)]
  0x00000197f2366000 JavaThread "File watcher server" daemon [_thread_in_native, id=15524, stack(0x0000007fb4f00000,0x0000007fb5000000)]
  0x00000197f2364320 JavaThread "File watcher consumer" daemon [_thread_blocked, id=15268, stack(0x0000007fb5000000,0x0000007fb5100000)]

Other Threads:
  0x00000197d1545520 VMThread "VM Thread" [stack: 0x0000007fb2e00000,0x0000007fb2f00000] [id=7812]
  0x00000197f065f340 WatcherThread "VM Periodic Task Thread" [stack: 0x0000007fb3a00000,0x0000007fb3b00000] [id=3424]
  0x00000197d1536c80 WorkerThread "GC Thread#0" [stack: 0x0000007fb2900000,0x0000007fb2a00000] [id=8512]
  0x00000197f0e79cd0 WorkerThread "GC Thread#1" [stack: 0x0000007fb3c00000,0x0000007fb3d00000] [id=4424]
  0x00000197f0f941a0 WorkerThread "GC Thread#2" [stack: 0x0000007fb3d00000,0x0000007fb3e00000] [id=10168]
  0x00000197f0e59260 WorkerThread "GC Thread#3" [stack: 0x0000007fb3e00000,0x0000007fb3f00000] [id=5288]
  0x00000197f0e59500 WorkerThread "GC Thread#4" [stack: 0x0000007fb3f00000,0x0000007fb4000000] [id=11336]
  0x00000197f0fd8ff0 WorkerThread "GC Thread#5" [stack: 0x0000007fb4000000,0x0000007fb4100000] [id=8212]
  0x00000197d153cad0 ConcurrentGCThread "G1 Main Marker" [stack: 0x0000007fb2a00000,0x0000007fb2b00000] [id=12372]
  0x00000197d153e3e0 WorkerThread "G1 Conc#0" [stack: 0x0000007fb2b00000,0x0000007fb2c00000] [id=11368]
  0x00000197d15c5210 ConcurrentGCThread "G1 Refine#0" [stack: 0x0000007fb2c00000,0x0000007fb2d00000] [id=13560]
  0x00000197d15c5a30 ConcurrentGCThread "G1 Service" [stack: 0x0000007fb2d00000,0x0000007fb2e00000] [id=12512]

Threads with active compile tasks:
C2 CompilerThread0     3730 2470   !   4       java.net.URLClassLoader$1::run (81 bytes)
C2 CompilerThread2     3730 2592       4       java.net.URLClassLoader$1::run (5 bytes)

VM state: not at safepoint (normal execution)

VM Mutex/Monitor currently owned by a thread: None

Heap address: 0x00000000e0000000, size: 512 MB, Compressed Oops mode: 32-bit

CDS archive(s) mapped at: [0x0000000800000000-0x0000000800ba0000-0x0000000800ba0000), size 12189696, SharedBaseAddress: 0x0000000800000000, ArchiveRelocationMode: 0.
Compressed class space mapped at: 0x0000000800c00000-0x0000000814000000, reserved size: 322961408
Narrow klass base: 0x0000000800000000, Narrow klass shift: 0, Narrow klass range: 0x100000000

GC Precious Log:
 CardTable entry size: 512
 Card Set container configuration: InlinePtr #cards 5 size 8 Array Of Cards #cards 12 size 40 Howl #buckets 4 coarsen threshold 1843 Howl Bitmap #cards 512 size 80 coarsen threshold 460 Card regions per heap region 1 cards per card region 2048
 CPUs: 12 total, 12 available
 Memory: 16253M
 Large Page Support: Disabled
 NUMA Support: Disabled
 Compressed Oops: Enabled (32-bit)
 Heap Region Size: 1M
 Heap Min Capacity: 256M
 Heap Initial Capacity: 256M
 Heap Max Capacity: 512M
 Pre-touch: Disabled
 Parallel Workers: 10
 Concurrent Workers: 3
 Concurrent Refinement Workers: 10
 Periodic GC: Disabled

Heap:
 garbage-first heap   total 262144K, used 115540K [0x00000000e0000000, 0x0000000100000000)
  region size 1024K, 104 young (106496K), 3 survivors (3072K)
 Metaspace       used 20393K, committed 21120K, reserved 380928K
  class space    used 3002K, committed 3392K, reserved 315392K

Heap Regions: E=young(eden), S=young(survivor), O=old, HS=humongous(starts), HC=humongous(continues), CS=collection set, F=free, OA=open archive, CA=closed archive, TAMS=top-at-mark-start (previous, next)
|   0|0x00000000e0000000, 0x00000000e0100000, 0x00000000e0100000|100%|HS|  |TAMS 0x00000000e0000000, 0x00000000e0000000| Complete 
|   1|0x00000000e0100000, 0x00000000e0200000, 0x00000000e0200000|100%|HC|  |TAMS 0x00000000e0100000, 0x00000000e0100000| Complete 
|   2|0x00000000e0200000, 0x00000000e0300000, 0x00000000e0300000|100%|HC|  |TAMS 0x00000000e0200000, 0x00000000e0200000| Complete 
|   3|0x00000000e0300000, 0x00000000e0400000, 0x00000000e0400000|100%|HC|  |TAMS 0x00000000e0300000, 0x00000000e0300000| Complete 
|   4|0x00000000e0400000, 0x00000000e0500000, 0x00000000e0500000|100%| O|  |TAMS 0x00000000e0400000, 0x00000000e0400000| Untracked 
|   5|0x00000000e0500000, 0x00000000e0600000, 0x00000000e0600000|100%| O|  |TAMS 0x00000000e0500000, 0x00000000e0500000| Untracked 
|   6|0x00000000e0600000, 0x00000000e0700000, 0x00000000e0700000|100%| O|  |TAMS 0x00000000e0600000, 0x00000000e0600000| Untracked 
|   7|0x00000000e0700000, 0x00000000e0800000, 0x00000000e0800000|100%| O|  |TAMS 0x00000000e0700000, 0x00000000e0700000| Untracked 
|   8|0x00000000e0800000, 0x00000000e0800000, 0x00000000e0900000|  0%| F|  |TAMS 0x00000000e0800000, 0x00000000e0800000| Untracked 
|   9|0x00000000e0900000, 0x00000000e0a00000, 0x00000000e0a00000|100%| O|  |TAMS 0x00000000e0900000, 0x00000000e0900000| Untracked 
|  10|0x00000000e0a00000, 0x00000000e0b00000, 0x00000000e0b00000|100%| O|  |TAMS 0x00000000e0a00000, 0x00000000e0a00000| Untracked 
|  11|0x00000000e0b00000, 0x00000000e0bb3c00, 0x00000000e0c00000| 70%| O|  |TAMS 0x00000000e0b00000, 0x00000000e0b00000| Untracked 
|  12|0x00000000e0c00000, 0x00000000e0c00000, 0x00000000e0d00000|  0%| F|  |TAMS 0x00000000e0c00000, 0x00000000e0c00000| Untracked 
|  13|0x00000000e0d00000, 0x00000000e0d00000, 0x00000000e0e00000|  0%| F|  |TAMS 0x00000000e0d00000, 0x00000000e0d00000| Untracked 
|  14|0x00000000e0e00000, 0x00000000e0e00000, 0x00000000e0f00000|  0%| F|  |TAMS 0x00000000e0e00000, 0x00000000e0e00000| Untracked 
|  15|0x00000000e0f00000, 0x00000000e0f00000, 0x00000000e1000000|  0%| F|  |TAMS 0x00000000e0f00000, 0x00000000e0f00000| Untracked 
|  16|0x00000000e1000000, 0x00000000e1000000, 0x00000000e1100000|  0%| F|  |TAMS 0x00000000e1000000, 0x00000000e1000000| Untracked 
|  17|0x00000000e1100000, 0x00000000e1100000, 0x00000000e1200000|  0%| F|  |TAMS 0x00000000e1100000, 0x00000000e1100000| Untracked 
|  18|0x00000000e1200000, 0x00000000e1200000, 0x00000000e1300000|  0%| F|  |TAMS 0x00000000e1200000, 0x00000000e1200000| Untracked 
|  19|0x00000000e1300000, 0x00000000e1300000, 0x00000000e1400000|  0%| F|  |TAMS 0x00000000e1300000, 0x00000000e1300000| Untracked 
|  20|0x00000000e1400000, 0x00000000e1400000, 0x00000000e1500000|  0%| F|  |TAMS 0x00000000e1400000, 0x00000000e1400000| Untracked 
|  21|0x00000000e1500000, 0x00000000e1500000, 0x00000000e1600000|  0%| F|  |TAMS 0x00000000e1500000, 0x00000000e1500000| Untracked 
|  22|0x00000000e1600000, 0x00000000e1600000, 0x00000000e1700000|  0%| F|  |TAMS 0x00000000e1600000, 0x00000000e1600000| Untracked 
|  23|0x00000000e1700000, 0x00000000e1700000, 0x00000000e1800000|  0%| F|  |TAMS 0x00000000e1700000, 0x00000000e1700000| Untracked 
|  24|0x00000000e1800000, 0x00000000e1800000, 0x00000000e1900000|  0%| F|  |TAMS 0x00000000e1800000, 0x00000000e1800000| Untracked 
|  25|0x00000000e1900000, 0x00000000e1900000, 0x00000000e1a00000|  0%| F|  |TAMS 0x00000000e1900000, 0x00000000e1900000| Untracked 
|  26|0x00000000e1a00000, 0x00000000e1a00000, 0x00000000e1b00000|  0%| F|  |TAMS 0x00000000e1a00000, 0x00000000e1a00000| Untracked 
|  27|0x00000000e1b00000, 0x00000000e1b00000, 0x00000000e1c00000|  0%| F|  |TAMS 0x00000000e1b00000, 0x00000000e1b00000| Untracked 
|  28|0x00000000e1c00000, 0x00000000e1c00000, 0x00000000e1d00000|  0%| F|  |TAMS 0x00000000e1c00000, 0x00000000e1c00000| Untracked 
|  29|0x00000000e1d00000, 0x00000000e1d00000, 0x00000000e1e00000|  0%| F|  |TAMS 0x00000000e1d00000, 0x00000000e1d00000| Untracked 
|  30|0x00000000e1e00000, 0x00000000e1e00000, 0x00000000e1f00000|  0%| F|  |TAMS 0x00000000e1e00000, 0x00000000e1e00000| Untracked 
|  31|0x00000000e1f00000, 0x00000000e1f00000, 0x00000000e2000000|  0%| F|  |TAMS 0x00000000e1f00000, 0x00000000e1f00000| Untracked 
|  32|0x00000000e2000000, 0x00000000e2000000, 0x00000000e2100000|  0%| F|  |TAMS 0x00000000e2000000, 0x00000000e2000000| Untracked 
|  33|0x00000000e2100000, 0x00000000e2100000, 0x00000000e2200000|  0%| F|  |TAMS 0x00000000e2100000, 0x00000000e2100000| Untracked 
|  34|0x00000000e2200000, 0x00000000e2200000, 0x00000000e2300000|  0%| F|  |TAMS 0x00000000e2200000, 0x00000000e2200000| Untracked 
|  35|0x00000000e2300000, 0x00000000e2300000, 0x00000000e2400000|  0%| F|  |TAMS 0x00000000e2300000, 0x00000000e2300000| Untracked 
|  36|0x00000000e2400000, 0x00000000e2400000, 0x00000000e2500000|  0%| F|  |TAMS 0x00000000e2400000, 0x00000000e2400000| Untracked 
|  37|0x00000000e2500000, 0x00000000e2500000, 0x00000000e2600000|  0%| F|  |TAMS 0x00000000e2500000, 0x00000000e2500000| Untracked 
|  38|0x00000000e2600000, 0x00000000e2600000, 0x00000000e2700000|  0%| F|  |TAMS 0x00000000e2600000, 0x00000000e2600000| Untracked 
|  39|0x00000000e2700000, 0x00000000e2700000, 0x00000000e2800000|  0%| F|  |TAMS 0x00000000e2700000, 0x00000000e2700000| Untracked 
|  40|0x00000000e2800000, 0x00000000e2800000, 0x00000000e2900000|  0%| F|  |TAMS 0x00000000e2800000, 0x00000000e2800000| Untracked 
|  41|0x00000000e2900000, 0x00000000e2900000, 0x00000000e2a00000|  0%| F|  |TAMS 0x00000000e2900000, 0x00000000e2900000| Untracked 
|  42|0x00000000e2a00000, 0x00000000e2a00000, 0x00000000e2b00000|  0%| F|  |TAMS 0x00000000e2a00000, 0x00000000e2a00000| Untracked 
|  43|0x00000000e2b00000, 0x00000000e2b00000, 0x00000000e2c00000|  0%| F|  |TAMS 0x00000000e2b00000, 0x00000000e2b00000| Untracked 
|  44|0x00000000e2c00000, 0x00000000e2c00000, 0x00000000e2d00000|  0%| F|  |TAMS 0x00000000e2c00000, 0x00000000e2c00000| Untracked 
|  45|0x00000000e2d00000, 0x00000000e2d00000, 0x00000000e2e00000|  0%| F|  |TAMS 0x00000000e2d00000, 0x00000000e2d00000| Untracked 
|  46|0x00000000e2e00000, 0x00000000e2e00000, 0x00000000e2f00000|  0%| F|  |TAMS 0x00000000e2e00000, 0x00000000e2e00000| Untracked 
|  47|0x00000000e2f00000, 0x00000000e2f00000, 0x00000000e3000000|  0%| F|  |TAMS 0x00000000e2f00000, 0x00000000e2f00000| Untracked 
|  48|0x00000000e3000000, 0x00000000e3000000, 0x00000000e3100000|  0%| F|  |TAMS 0x00000000e3000000, 0x00000000e3000000| Untracked 
|  49|0x00000000e3100000, 0x00000000e3100000, 0x00000000e3200000|  0%| F|  |TAMS 0x00000000e3100000, 0x00000000e3100000| Untracked 
|  50|0x00000000e3200000, 0x00000000e3200000, 0x00000000e3300000|  0%| F|  |TAMS 0x00000000e3200000, 0x00000000e3200000| Untracked 
|  51|0x00000000e3300000, 0x00000000e3300000, 0x00000000e3400000|  0%| F|  |TAMS 0x00000000e3300000, 0x00000000e3300000| Untracked 
|  52|0x00000000e3400000, 0x00000000e3400000, 0x00000000e3500000|  0%| F|  |TAMS 0x00000000e3400000, 0x00000000e3400000| Untracked 
|  53|0x00000000e3500000, 0x00000000e3500000, 0x00000000e3600000|  0%| F|  |TAMS 0x00000000e3500000, 0x00000000e3500000| Untracked 
|  54|0x00000000e3600000, 0x00000000e3600000, 0x00000000e3700000|  0%| F|  |TAMS 0x00000000e3600000, 0x00000000e3600000| Untracked 
|  55|0x00000000e3700000, 0x00000000e3700000, 0x00000000e3800000|  0%| F|  |TAMS 0x00000000e3700000, 0x00000000e3700000| Untracked 
|  56|0x00000000e3800000, 0x00000000e3800000, 0x00000000e3900000|  0%| F|  |TAMS 0x00000000e3800000, 0x00000000e3800000| Untracked 
|  57|0x00000000e3900000, 0x00000000e3900000, 0x00000000e3a00000|  0%| F|  |TAMS 0x00000000e3900000, 0x00000000e3900000| Untracked 
|  58|0x00000000e3a00000, 0x00000000e3a00000, 0x00000000e3b00000|  0%| F|  |TAMS 0x00000000e3a00000, 0x00000000e3a00000| Untracked 
|  59|0x00000000e3b00000, 0x00000000e3b00000, 0x00000000e3c00000|  0%| F|  |TAMS 0x00000000e3b00000, 0x00000000e3b00000| Untracked 
|  60|0x00000000e3c00000, 0x00000000e3c00000, 0x00000000e3d00000|  0%| F|  |TAMS 0x00000000e3c00000, 0x00000000e3c00000| Untracked 
|  61|0x00000000e3d00000, 0x00000000e3d00000, 0x00000000e3e00000|  0%| F|  |TAMS 0x00000000e3d00000, 0x00000000e3d00000| Untracked 
|  62|0x00000000e3e00000, 0x00000000e3e00000, 0x00000000e3f00000|  0%| F|  |TAMS 0x00000000e3e00000, 0x00000000e3e00000| Untracked 
|  63|0x00000000e3f00000, 0x00000000e3f00000, 0x00000000e4000000|  0%| F|  |TAMS 0x00000000e3f00000, 0x00000000e3f00000| Untracked 
|  64|0x00000000e4000000, 0x00000000e4000000, 0x00000000e4100000|  0%| F|  |TAMS 0x00000000e4000000, 0x00000000e4000000| Untracked 
|  65|0x00000000e4100000, 0x00000000e4100000, 0x00000000e4200000|  0%| F|  |TAMS 0x00000000e4100000, 0x00000000e4100000| Untracked 
|  66|0x00000000e4200000, 0x00000000e4200000, 0x00000000e4300000|  0%| F|  |TAMS 0x00000000e4200000, 0x00000000e4200000| Untracked 
|  67|0x00000000e4300000, 0x00000000e4300000, 0x00000000e4400000|  0%| F|  |TAMS 0x00000000e4300000, 0x00000000e4300000| Untracked 
|  68|0x00000000e4400000, 0x00000000e4400000, 0x00000000e4500000|  0%| F|  |TAMS 0x00000000e4400000, 0x00000000e4400000| Untracked 
|  69|0x00000000e4500000, 0x00000000e4500000, 0x00000000e4600000|  0%| F|  |TAMS 0x00000000e4500000, 0x00000000e4500000| Untracked 
|  70|0x00000000e4600000, 0x00000000e4600000, 0x00000000e4700000|  0%| F|  |TAMS 0x00000000e4600000, 0x00000000e4600000| Untracked 
|  71|0x00000000e4700000, 0x00000000e4700000, 0x00000000e4800000|  0%| F|  |TAMS 0x00000000e4700000, 0x00000000e4700000| Untracked 
|  72|0x00000000e4800000, 0x00000000e4800000, 0x00000000e4900000|  0%| F|  |TAMS 0x00000000e4800000, 0x00000000e4800000| Untracked 
|  73|0x00000000e4900000, 0x00000000e4900000, 0x00000000e4a00000|  0%| F|  |TAMS 0x00000000e4900000, 0x00000000e4900000| Untracked 
|  74|0x00000000e4a00000, 0x00000000e4a00000, 0x00000000e4b00000|  0%| F|  |TAMS 0x00000000e4a00000, 0x00000000e4a00000| Untracked 
|  75|0x00000000e4b00000, 0x00000000e4b00000, 0x00000000e4c00000|  0%| F|  |TAMS 0x00000000e4b00000, 0x00000000e4b00000| Untracked 
|  76|0x00000000e4c00000, 0x00000000e4c00000, 0x00000000e4d00000|  0%| F|  |TAMS 0x00000000e4c00000, 0x00000000e4c00000| Untracked 
|  77|0x00000000e4d00000, 0x00000000e4d00000, 0x00000000e4e00000|  0%| F|  |TAMS 0x00000000e4d00000, 0x00000000e4d00000| Untracked 
|  78|0x00000000e4e00000, 0x00000000e4e00000, 0x00000000e4f00000|  0%| F|  |TAMS 0x00000000e4e00000, 0x00000000e4e00000| Untracked 
|  79|0x00000000e4f00000, 0x00000000e4f00000, 0x00000000e5000000|  0%| F|  |TAMS 0x00000000e4f00000, 0x00000000e4f00000| Untracked 
|  80|0x00000000e5000000, 0x00000000e5000000, 0x00000000e5100000|  0%| F|  |TAMS 0x00000000e5000000, 0x00000000e5000000| Untracked 
|  81|0x00000000e5100000, 0x00000000e5100000, 0x00000000e5200000|  0%| F|  |TAMS 0x00000000e5100000, 0x00000000e5100000| Untracked 
|  82|0x00000000e5200000, 0x00000000e5200000, 0x00000000e5300000|  0%| F|  |TAMS 0x00000000e5200000, 0x00000000e5200000| Untracked 
|  83|0x00000000e5300000, 0x00000000e5300000, 0x00000000e5400000|  0%| F|  |TAMS 0x00000000e5300000, 0x00000000e5300000| Untracked 
|  84|0x00000000e5400000, 0x00000000e5400000, 0x00000000e5500000|  0%| F|  |TAMS 0x00000000e5400000, 0x00000000e5400000| Untracked 
|  85|0x00000000e5500000, 0x00000000e5500000, 0x00000000e5600000|  0%| F|  |TAMS 0x00000000e5500000, 0x00000000e5500000| Untracked 
|  86|0x00000000e5600000, 0x00000000e5600000, 0x00000000e5700000|  0%| F|  |TAMS 0x00000000e5600000, 0x00000000e5600000| Untracked 
|  87|0x00000000e5700000, 0x00000000e5700000, 0x00000000e5800000|  0%| F|  |TAMS 0x00000000e5700000, 0x00000000e5700000| Untracked 
|  88|0x00000000e5800000, 0x00000000e5800000, 0x00000000e5900000|  0%| F|  |TAMS 0x00000000e5800000, 0x00000000e5800000| Untracked 
|  89|0x00000000e5900000, 0x00000000e5900000, 0x00000000e5a00000|  0%| F|  |TAMS 0x00000000e5900000, 0x00000000e5900000| Untracked 
|  90|0x00000000e5a00000, 0x00000000e5a00000, 0x00000000e5b00000|  0%| F|  |TAMS 0x00000000e5a00000, 0x00000000e5a00000| Untracked 
|  91|0x00000000e5b00000, 0x00000000e5b00000, 0x00000000e5c00000|  0%| F|  |TAMS 0x00000000e5b00000, 0x00000000e5b00000| Untracked 
|  92|0x00000000e5c00000, 0x00000000e5c00000, 0x00000000e5d00000|  0%| F|  |TAMS 0x00000000e5c00000, 0x00000000e5c00000| Untracked 
|  93|0x00000000e5d00000, 0x00000000e5d00000, 0x00000000e5e00000|  0%| F|  |TAMS 0x00000000e5d00000, 0x00000000e5d00000| Untracked 
|  94|0x00000000e5e00000, 0x00000000e5e00000, 0x00000000e5f00000|  0%| F|  |TAMS 0x00000000e5e00000, 0x00000000e5e00000| Untracked 
|  95|0x00000000e5f00000, 0x00000000e5f00000, 0x00000000e6000000|  0%| F|  |TAMS 0x00000000e5f00000, 0x00000000e5f00000| Untracked 
|  96|0x00000000e6000000, 0x00000000e6000000, 0x00000000e6100000|  0%| F|  |TAMS 0x00000000e6000000, 0x00000000e6000000| Untracked 
|  97|0x00000000e6100000, 0x00000000e6100000, 0x00000000e6200000|  0%| F|  |TAMS 0x00000000e6100000, 0x00000000e6100000| Untracked 
|  98|0x00000000e6200000, 0x00000000e6200000, 0x00000000e6300000|  0%| F|  |TAMS 0x00000000e6200000, 0x00000000e6200000| Untracked 
|  99|0x00000000e6300000, 0x00000000e6300000, 0x00000000e6400000|  0%| F|  |TAMS 0x00000000e6300000, 0x00000000e6300000| Untracked 
| 100|0x00000000e6400000, 0x00000000e6400000, 0x00000000e6500000|  0%| F|  |TAMS 0x00000000e6400000, 0x00000000e6400000| Untracked 
| 101|0x00000000e6500000, 0x00000000e6500000, 0x00000000e6600000|  0%| F|  |TAMS 0x00000000e6500000, 0x00000000e6500000| Untracked 
| 102|0x00000000e6600000, 0x00000000e6600000, 0x00000000e6700000|  0%| F|  |TAMS 0x00000000e6600000, 0x00000000e6600000| Untracked 
| 103|0x00000000e6700000, 0x00000000e6700000, 0x00000000e6800000|  0%| F|  |TAMS 0x00000000e6700000, 0x00000000e6700000| Untracked 
| 104|0x00000000e6800000, 0x00000000e6800000, 0x00000000e6900000|  0%| F|  |TAMS 0x00000000e6800000, 0x00000000e6800000| Untracked 
| 105|0x00000000e6900000, 0x00000000e6900000, 0x00000000e6a00000|  0%| F|  |TAMS 0x00000000e6900000, 0x00000000e6900000| Untracked 
| 106|0x00000000e6a00000, 0x00000000e6a00000, 0x00000000e6b00000|  0%| F|  |TAMS 0x00000000e6a00000, 0x00000000e6a00000| Untracked 
| 107|0x00000000e6b00000, 0x00000000e6b00000, 0x00000000e6c00000|  0%| F|  |TAMS 0x00000000e6b00000, 0x00000000e6b00000| Untracked 
| 108|0x00000000e6c00000, 0x00000000e6c00000, 0x00000000e6d00000|  0%| F|  |TAMS 0x00000000e6c00000, 0x00000000e6c00000| Untracked 
| 109|0x00000000e6d00000, 0x00000000e6d00000, 0x00000000e6e00000|  0%| F|  |TAMS 0x00000000e6d00000, 0x00000000e6d00000| Untracked 
| 110|0x00000000e6e00000, 0x00000000e6e00000, 0x00000000e6f00000|  0%| F|  |TAMS 0x00000000e6e00000, 0x00000000e6e00000| Untracked 
| 111|0x00000000e6f00000, 0x00000000e6f00000, 0x00000000e7000000|  0%| F|  |TAMS 0x00000000e6f00000, 0x00000000e6f00000| Untracked 
| 112|0x00000000e7000000, 0x00000000e7000000, 0x00000000e7100000|  0%| F|  |TAMS 0x00000000e7000000, 0x00000000e7000000| Untracked 
| 113|0x00000000e7100000, 0x00000000e7100000, 0x00000000e7200000|  0%| F|  |TAMS 0x00000000e7100000, 0x00000000e7100000| Untracked 
| 114|0x00000000e7200000, 0x00000000e7200000, 0x00000000e7300000|  0%| F|  |TAMS 0x00000000e7200000, 0x00000000e7200000| Untracked 
| 115|0x00000000e7300000, 0x00000000e7300000, 0x00000000e7400000|  0%| F|  |TAMS 0x00000000e7300000, 0x00000000e7300000| Untracked 
| 116|0x00000000e7400000, 0x00000000e7400000, 0x00000000e7500000|  0%| F|  |TAMS 0x00000000e7400000, 0x00000000e7400000| Untracked 
| 117|0x00000000e7500000, 0x00000000e7500000, 0x00000000e7600000|  0%| F|  |TAMS 0x00000000e7500000, 0x00000000e7500000| Untracked 
| 118|0x00000000e7600000, 0x00000000e7600000, 0x00000000e7700000|  0%| F|  |TAMS 0x00000000e7600000, 0x00000000e7600000| Untracked 
| 119|0x00000000e7700000, 0x00000000e7700000, 0x00000000e7800000|  0%| F|  |TAMS 0x00000000e7700000, 0x00000000e7700000| Untracked 
| 120|0x00000000e7800000, 0x00000000e7800000, 0x00000000e7900000|  0%| F|  |TAMS 0x00000000e7800000, 0x00000000e7800000| Untracked 
| 121|0x00000000e7900000, 0x00000000e7900000, 0x00000000e7a00000|  0%| F|  |TAMS 0x00000000e7900000, 0x00000000e7900000| Untracked 
| 122|0x00000000e7a00000, 0x00000000e7a00000, 0x00000000e7b00000|  0%| F|  |TAMS 0x00000000e7a00000, 0x00000000e7a00000| Untracked 
| 123|0x00000000e7b00000, 0x00000000e7b00000, 0x00000000e7c00000|  0%| F|  |TAMS 0x00000000e7b00000, 0x00000000e7b00000| Untracked 
| 124|0x00000000e7c00000, 0x00000000e7c00000, 0x00000000e7d00000|  0%| F|  |TAMS 0x00000000e7c00000, 0x00000000e7c00000| Untracked 
| 125|0x00000000e7d00000, 0x00000000e7d00000, 0x00000000e7e00000|  0%| F|  |TAMS 0x00000000e7d00000, 0x00000000e7d00000| Untracked 
| 126|0x00000000e7e00000, 0x00000000e7e00000, 0x00000000e7f00000|  0%| F|  |TAMS 0x00000000e7e00000, 0x00000000e7e00000| Untracked 
| 127|0x00000000e7f00000, 0x00000000e7f00000, 0x00000000e8000000|  0%| F|  |TAMS 0x00000000e7f00000, 0x00000000e7f00000| Untracked 
| 128|0x00000000e8000000, 0x00000000e8000000, 0x00000000e8100000|  0%| F|  |TAMS 0x00000000e8000000, 0x00000000e8000000| Untracked 
| 129|0x00000000e8100000, 0x00000000e8100000, 0x00000000e8200000|  0%| F|  |TAMS 0x00000000e8100000, 0x00000000e8100000| Untracked 
| 130|0x00000000e8200000, 0x00000000e8200000, 0x00000000e8300000|  0%| F|  |TAMS 0x00000000e8200000, 0x00000000e8200000| Untracked 
| 131|0x00000000e8300000, 0x00000000e8300000, 0x00000000e8400000|  0%| F|  |TAMS 0x00000000e8300000, 0x00000000e8300000| Untracked 
| 132|0x00000000e8400000, 0x00000000e8400000, 0x00000000e8500000|  0%| F|  |TAMS 0x00000000e8400000, 0x00000000e8400000| Untracked 
| 133|0x00000000e8500000, 0x00000000e8500000, 0x00000000e8600000|  0%| F|  |TAMS 0x00000000e8500000, 0x00000000e8500000| Untracked 
| 134|0x00000000e8600000, 0x00000000e8600000, 0x00000000e8700000|  0%| F|  |TAMS 0x00000000e8600000, 0x00000000e8600000| Untracked 
| 135|0x00000000e8700000, 0x00000000e8700000, 0x00000000e8800000|  0%| F|  |TAMS 0x00000000e8700000, 0x00000000e8700000| Untracked 
| 136|0x00000000e8800000, 0x00000000e8800000, 0x00000000e8900000|  0%| F|  |TAMS 0x00000000e8800000, 0x00000000e8800000| Untracked 
| 137|0x00000000e8900000, 0x00000000e8900000, 0x00000000e8a00000|  0%| F|  |TAMS 0x00000000e8900000, 0x00000000e8900000| Untracked 
| 138|0x00000000e8a00000, 0x00000000e8a00000, 0x00000000e8b00000|  0%| F|  |TAMS 0x00000000e8a00000, 0x00000000e8a00000| Untracked 
| 139|0x00000000e8b00000, 0x00000000e8b00000, 0x00000000e8c00000|  0%| F|  |TAMS 0x00000000e8b00000, 0x00000000e8b00000| Untracked 
| 140|0x00000000e8c00000, 0x00000000e8c00000, 0x00000000e8d00000|  0%| F|  |TAMS 0x00000000e8c00000, 0x00000000e8c00000| Untracked 
| 141|0x00000000e8d00000, 0x00000000e8d00000, 0x00000000e8e00000|  0%| F|  |TAMS 0x00000000e8d00000, 0x00000000e8d00000| Untracked 
| 142|0x00000000e8e00000, 0x00000000e8e00000, 0x00000000e8f00000|  0%| F|  |TAMS 0x00000000e8e00000, 0x00000000e8e00000| Untracked 
| 143|0x00000000e8f00000, 0x00000000e8f00000, 0x00000000e9000000|  0%| F|  |TAMS 0x00000000e8f00000, 0x00000000e8f00000| Untracked 
| 144|0x00000000e9000000, 0x00000000e9000000, 0x00000000e9100000|  0%| F|  |TAMS 0x00000000e9000000, 0x00000000e9000000| Untracked 
| 145|0x00000000e9100000, 0x00000000e9100000, 0x00000000e9200000|  0%| F|  |TAMS 0x00000000e9100000, 0x00000000e9100000| Untracked 
| 146|0x00000000e9200000, 0x00000000e9200000, 0x00000000e9300000|  0%| F|  |TAMS 0x00000000e9200000, 0x00000000e9200000| Untracked 
| 147|0x00000000e9300000, 0x00000000e9300000, 0x00000000e9400000|  0%| F|  |TAMS 0x00000000e9300000, 0x00000000e9300000| Untracked 
| 148|0x00000000e9400000, 0x00000000e9400000, 0x00000000e9500000|  0%| F|  |TAMS 0x00000000e9400000, 0x00000000e9400000| Untracked 
| 149|0x00000000e9500000, 0x00000000e9500000, 0x00000000e9600000|  0%| F|  |TAMS 0x00000000e9500000, 0x00000000e9500000| Untracked 
| 150|0x00000000e9600000, 0x00000000e9600000, 0x00000000e9700000|  0%| F|  |TAMS 0x00000000e9600000, 0x00000000e9600000| Untracked 
| 151|0x00000000e9700000, 0x00000000e9700000, 0x00000000e9800000|  0%| F|  |TAMS 0x00000000e9700000, 0x00000000e9700000| Untracked 
| 152|0x00000000e9800000, 0x00000000e9880800, 0x00000000e9900000| 50%| E|  |TAMS 0x00000000e9800000, 0x00000000e9800000| Complete 
| 153|0x00000000e9900000, 0x00000000e9a00000, 0x00000000e9a00000|100%| E|CS|TAMS 0x00000000e9900000, 0x00000000e9900000| Complete 
| 154|0x00000000e9a00000, 0x00000000e9b00000, 0x00000000e9b00000|100%| E|CS|TAMS 0x00000000e9a00000, 0x00000000e9a00000| Complete 
| 155|0x00000000e9b00000, 0x00000000e9c00000, 0x00000000e9c00000|100%| E|CS|TAMS 0x00000000e9b00000, 0x00000000e9b00000| Complete 
| 156|0x00000000e9c00000, 0x00000000e9d00000, 0x00000000e9d00000|100%| E|CS|TAMS 0x00000000e9c00000, 0x00000000e9c00000| Complete 
| 157|0x00000000e9d00000, 0x00000000e9e00000, 0x00000000e9e00000|100%| E|CS|TAMS 0x00000000e9d00000, 0x00000000e9d00000| Complete 
| 158|0x00000000e9e00000, 0x00000000e9f00000, 0x00000000e9f00000|100%| E|CS|TAMS 0x00000000e9e00000, 0x00000000e9e00000| Complete 
| 159|0x00000000e9f00000, 0x00000000ea000000, 0x00000000ea000000|100%| E|CS|TAMS 0x00000000e9f00000, 0x00000000e9f00000| Complete 
| 160|0x00000000ea000000, 0x00000000ea100000, 0x00000000ea100000|100%| E|CS|TAMS 0x00000000ea000000, 0x00000000ea000000| Complete 
| 161|0x00000000ea100000, 0x00000000ea200000, 0x00000000ea200000|100%| E|CS|TAMS 0x00000000ea100000, 0x00000000ea100000| Complete 
| 162|0x00000000ea200000, 0x00000000ea300000, 0x00000000ea300000|100%| E|CS|TAMS 0x00000000ea200000, 0x00000000ea200000| Complete 
| 163|0x00000000ea300000, 0x00000000ea400000, 0x00000000ea400000|100%| E|CS|TAMS 0x00000000ea300000, 0x00000000ea300000| Complete 
| 164|0x00000000ea400000, 0x00000000ea500000, 0x00000000ea500000|100%| E|CS|TAMS 0x00000000ea400000, 0x00000000ea400000| Complete 
| 165|0x00000000ea500000, 0x00000000ea600000, 0x00000000ea600000|100%| E|CS|TAMS 0x00000000ea500000, 0x00000000ea500000| Complete 
| 166|0x00000000ea600000, 0x00000000ea700000, 0x00000000ea700000|100%| E|CS|TAMS 0x00000000ea600000, 0x00000000ea600000| Complete 
| 167|0x00000000ea700000, 0x00000000ea800000, 0x00000000ea800000|100%| E|CS|TAMS 0x00000000ea700000, 0x00000000ea700000| Complete 
| 168|0x00000000ea800000, 0x00000000ea900000, 0x00000000ea900000|100%| E|CS|TAMS 0x00000000ea800000, 0x00000000ea800000| Complete 
| 169|0x00000000ea900000, 0x00000000eaa00000, 0x00000000eaa00000|100%| E|CS|TAMS 0x00000000ea900000, 0x00000000ea900000| Complete 
| 170|0x00000000eaa00000, 0x00000000eab00000, 0x00000000eab00000|100%| E|CS|TAMS 0x00000000eaa00000, 0x00000000eaa00000| Complete 
| 171|0x00000000eab00000, 0x00000000eac00000, 0x00000000eac00000|100%| E|CS|TAMS 0x00000000eab00000, 0x00000000eab00000| Complete 
| 172|0x00000000eac00000, 0x00000000ead00000, 0x00000000ead00000|100%| E|CS|TAMS 0x00000000eac00000, 0x00000000eac00000| Complete 
| 173|0x00000000ead00000, 0x00000000eae00000, 0x00000000eae00000|100%| E|CS|TAMS 0x00000000ead00000, 0x00000000ead00000| Complete 
| 174|0x00000000eae00000, 0x00000000eaf00000, 0x00000000eaf00000|100%| E|CS|TAMS 0x00000000eae00000, 0x00000000eae00000| Complete 
| 175|0x00000000eaf00000, 0x00000000eb000000, 0x00000000eb000000|100%| E|CS|TAMS 0x00000000eaf00000, 0x00000000eaf00000| Complete 
| 176|0x00000000eb000000, 0x00000000eb100000, 0x00000000eb100000|100%| E|CS|TAMS 0x00000000eb000000, 0x00000000eb000000| Complete 
| 177|0x00000000eb100000, 0x00000000eb200000, 0x00000000eb200000|100%| E|CS|TAMS 0x00000000eb100000, 0x00000000eb100000| Complete 
| 178|0x00000000eb200000, 0x00000000eb300000, 0x00000000eb300000|100%| E|CS|TAMS 0x00000000eb200000, 0x00000000eb200000| Complete 
| 179|0x00000000eb300000, 0x00000000eb400000, 0x00000000eb400000|100%| E|CS|TAMS 0x00000000eb300000, 0x00000000eb300000| Complete 
| 180|0x00000000eb400000, 0x00000000eb500000, 0x00000000eb500000|100%| E|CS|TAMS 0x00000000eb400000, 0x00000000eb400000| Complete 
| 181|0x00000000eb500000, 0x00000000eb600000, 0x00000000eb600000|100%| E|CS|TAMS 0x00000000eb500000, 0x00000000eb500000| Complete 
| 182|0x00000000eb600000, 0x00000000eb700000, 0x00000000eb700000|100%| E|CS|TAMS 0x00000000eb600000, 0x00000000eb600000| Complete 
| 183|0x00000000eb700000, 0x00000000eb800000, 0x00000000eb800000|100%| E|CS|TAMS 0x00000000eb700000, 0x00000000eb700000| Complete 
| 184|0x00000000eb800000, 0x00000000eb900000, 0x00000000eb900000|100%| E|CS|TAMS 0x00000000eb800000, 0x00000000eb800000| Complete 
| 185|0x00000000eb900000, 0x00000000eba00000, 0x00000000eba00000|100%| E|CS|TAMS 0x00000000eb900000, 0x00000000eb900000| Complete 
| 186|0x00000000eba00000, 0x00000000ebb00000, 0x00000000ebb00000|100%| E|CS|TAMS 0x00000000eba00000, 0x00000000eba00000| Complete 
| 187|0x00000000ebb00000, 0x00000000ebc00000, 0x00000000ebc00000|100%| E|CS|TAMS 0x00000000ebb00000, 0x00000000ebb00000| Complete 
| 188|0x00000000ebc00000, 0x00000000ebd00000, 0x00000000ebd00000|100%| E|CS|TAMS 0x00000000ebc00000, 0x00000000ebc00000| Complete 
| 189|0x00000000ebd00000, 0x00000000ebe00000, 0x00000000ebe00000|100%| E|CS|TAMS 0x00000000ebd00000, 0x00000000ebd00000| Complete 
| 190|0x00000000ebe00000, 0x00000000ebf00000, 0x00000000ebf00000|100%| E|CS|TAMS 0x00000000ebe00000, 0x00000000ebe00000| Complete 
| 191|0x00000000ebf00000, 0x00000000ec000000, 0x00000000ec000000|100%| E|CS|TAMS 0x00000000ebf00000, 0x00000000ebf00000| Complete 
| 192|0x00000000ec000000, 0x00000000ec100000, 0x00000000ec100000|100%| E|CS|TAMS 0x00000000ec000000, 0x00000000ec000000| Complete 
| 193|0x00000000ec100000, 0x00000000ec200000, 0x00000000ec200000|100%| E|CS|TAMS 0x00000000ec100000, 0x00000000ec100000| Complete 
| 194|0x00000000ec200000, 0x00000000ec300000, 0x00000000ec300000|100%| E|CS|TAMS 0x00000000ec200000, 0x00000000ec200000| Complete 
| 195|0x00000000ec300000, 0x00000000ec400000, 0x00000000ec400000|100%| E|CS|TAMS 0x00000000ec300000, 0x00000000ec300000| Complete 
| 196|0x00000000ec400000, 0x00000000ec500000, 0x00000000ec500000|100%| E|CS|TAMS 0x00000000ec400000, 0x00000000ec400000| Complete 
| 197|0x00000000ec500000, 0x00000000ec600000, 0x00000000ec600000|100%| E|CS|TAMS 0x00000000ec500000, 0x00000000ec500000| Complete 
| 198|0x00000000ec600000, 0x00000000ec700000, 0x00000000ec700000|100%| E|CS|TAMS 0x00000000ec600000, 0x00000000ec600000| Complete 
| 199|0x00000000ec700000, 0x00000000ec800000, 0x00000000ec800000|100%| E|CS|TAMS 0x00000000ec700000, 0x00000000ec700000| Complete 
| 200|0x00000000ec800000, 0x00000000ec900000, 0x00000000ec900000|100%| E|CS|TAMS 0x00000000ec800000, 0x00000000ec800000| Complete 
| 201|0x00000000ec900000, 0x00000000eca00000, 0x00000000eca00000|100%| E|CS|TAMS 0x00000000ec900000, 0x00000000ec900000| Complete 
| 202|0x00000000eca00000, 0x00000000ecb00000, 0x00000000ecb00000|100%| E|CS|TAMS 0x00000000eca00000, 0x00000000eca00000| Complete 
| 203|0x00000000ecb00000, 0x00000000ecc00000, 0x00000000ecc00000|100%| E|CS|TAMS 0x00000000ecb00000, 0x00000000ecb00000| Complete 
| 204|0x00000000ecc00000, 0x00000000ecd00000, 0x00000000ecd00000|100%| E|CS|TAMS 0x00000000ecc00000, 0x00000000ecc00000| Complete 
| 205|0x00000000ecd00000, 0x00000000ece00000, 0x00000000ece00000|100%| E|CS|TAMS 0x00000000ecd00000, 0x00000000ecd00000| Complete 
| 206|0x00000000ece00000, 0x00000000ecf00000, 0x00000000ecf00000|100%| E|CS|TAMS 0x00000000ece00000, 0x00000000ece00000| Complete 
| 207|0x00000000ecf00000, 0x00000000ed000000, 0x00000000ed000000|100%| E|CS|TAMS 0x00000000ecf00000, 0x00000000ecf00000| Complete 
| 208|0x00000000ed000000, 0x00000000ed100000, 0x00000000ed100000|100%| E|CS|TAMS 0x00000000ed000000, 0x00000000ed000000| Complete 
| 209|0x00000000ed100000, 0x00000000ed200000, 0x00000000ed200000|100%| E|CS|TAMS 0x00000000ed100000, 0x00000000ed100000| Complete 
| 210|0x00000000ed200000, 0x00000000ed300000, 0x00000000ed300000|100%| E|CS|TAMS 0x00000000ed200000, 0x00000000ed200000| Complete 
| 211|0x00000000ed300000, 0x00000000ed400000, 0x00000000ed400000|100%| E|CS|TAMS 0x00000000ed300000, 0x00000000ed300000| Complete 
| 212|0x00000000ed400000, 0x00000000ed500000, 0x00000000ed500000|100%| E|CS|TAMS 0x00000000ed400000, 0x00000000ed400000| Complete 
| 213|0x00000000ed500000, 0x00000000ed600000, 0x00000000ed600000|100%| E|CS|TAMS 0x00000000ed500000, 0x00000000ed500000| Complete 
| 214|0x00000000ed600000, 0x00000000ed700000, 0x00000000ed700000|100%| E|CS|TAMS 0x00000000ed600000, 0x00000000ed600000| Complete 
| 215|0x00000000ed700000, 0x00000000ed800000, 0x00000000ed800000|100%| E|CS|TAMS 0x00000000ed700000, 0x00000000ed700000| Complete 
| 216|0x00000000ed800000, 0x00000000ed900000, 0x00000000ed900000|100%| E|CS|TAMS 0x00000000ed800000, 0x00000000ed800000| Complete 
| 217|0x00000000ed900000, 0x00000000eda00000, 0x00000000eda00000|100%| E|CS|TAMS 0x00000000ed900000, 0x00000000ed900000| Complete 
| 218|0x00000000eda00000, 0x00000000edb00000, 0x00000000edb00000|100%| E|CS|TAMS 0x00000000eda00000, 0x00000000eda00000| Complete 
| 219|0x00000000edb00000, 0x00000000edc00000, 0x00000000edc00000|100%| E|CS|TAMS 0x00000000edb00000, 0x00000000edb00000| Complete 
| 220|0x00000000edc00000, 0x00000000edd00000, 0x00000000edd00000|100%| E|CS|TAMS 0x00000000edc00000, 0x00000000edc00000| Complete 
| 221|0x00000000edd00000, 0x00000000ede00000, 0x00000000ede00000|100%| E|CS|TAMS 0x00000000edd00000, 0x00000000edd00000| Complete 
| 222|0x00000000ede00000, 0x00000000edf00000, 0x00000000edf00000|100%| E|CS|TAMS 0x00000000ede00000, 0x00000000ede00000| Complete 
| 223|0x00000000edf00000, 0x00000000edf21798, 0x00000000ee000000| 13%| S|CS|TAMS 0x00000000edf00000, 0x00000000edf00000| Complete 
| 224|0x00000000ee000000, 0x00000000ee100000, 0x00000000ee100000|100%| S|CS|TAMS 0x00000000ee000000, 0x00000000ee000000| Complete 
| 225|0x00000000ee100000, 0x00000000ee200000, 0x00000000ee200000|100%| S|CS|TAMS 0x00000000ee100000, 0x00000000ee100000| Complete 
| 226|0x00000000ee200000, 0x00000000ee300000, 0x00000000ee300000|100%| E|CS|TAMS 0x00000000ee200000, 0x00000000ee200000| Complete 
| 227|0x00000000ee300000, 0x00000000ee400000, 0x00000000ee400000|100%| E|CS|TAMS 0x00000000ee300000, 0x00000000ee300000| Complete 
| 228|0x00000000ee400000, 0x00000000ee500000, 0x00000000ee500000|100%| E|CS|TAMS 0x00000000ee400000, 0x00000000ee400000| Complete 
| 229|0x00000000ee500000, 0x00000000ee600000, 0x00000000ee600000|100%| E|CS|TAMS 0x00000000ee500000, 0x00000000ee500000| Complete 
| 230|0x00000000ee600000, 0x00000000ee700000, 0x00000000ee700000|100%| E|CS|TAMS 0x00000000ee600000, 0x00000000ee600000| Complete 
| 231|0x00000000ee700000, 0x00000000ee800000, 0x00000000ee800000|100%| E|CS|TAMS 0x00000000ee700000, 0x00000000ee700000| Complete 
| 232|0x00000000ee800000, 0x00000000ee900000, 0x00000000ee900000|100%| E|CS|TAMS 0x00000000ee800000, 0x00000000ee800000| Complete 
| 233|0x00000000ee900000, 0x00000000eea00000, 0x00000000eea00000|100%| E|CS|TAMS 0x00000000ee900000, 0x00000000ee900000| Complete 
| 234|0x00000000eea00000, 0x00000000eeb00000, 0x00000000eeb00000|100%| E|CS|TAMS 0x00000000eea00000, 0x00000000eea00000| Complete 
| 235|0x00000000eeb00000, 0x00000000eec00000, 0x00000000eec00000|100%| E|CS|TAMS 0x00000000eeb00000, 0x00000000eeb00000| Complete 
| 236|0x00000000eec00000, 0x00000000eed00000, 0x00000000eed00000|100%| E|CS|TAMS 0x00000000eec00000, 0x00000000eec00000| Complete 
| 237|0x00000000eed00000, 0x00000000eee00000, 0x00000000eee00000|100%| E|CS|TAMS 0x00000000eed00000, 0x00000000eed00000| Complete 
| 238|0x00000000eee00000, 0x00000000eef00000, 0x00000000eef00000|100%| E|CS|TAMS 0x00000000eee00000, 0x00000000eee00000| Complete 
| 239|0x00000000eef00000, 0x00000000ef000000, 0x00000000ef000000|100%| E|CS|TAMS 0x00000000eef00000, 0x00000000eef00000| Complete 
| 240|0x00000000ef000000, 0x00000000ef100000, 0x00000000ef100000|100%| E|CS|TAMS 0x00000000ef000000, 0x00000000ef000000| Complete 
| 241|0x00000000ef100000, 0x00000000ef200000, 0x00000000ef200000|100%| E|CS|TAMS 0x00000000ef100000, 0x00000000ef100000| Complete 
| 242|0x00000000ef200000, 0x00000000ef300000, 0x00000000ef300000|100%| E|CS|TAMS 0x00000000ef200000, 0x00000000ef200000| Complete 
| 243|0x00000000ef300000, 0x00000000ef400000, 0x00000000ef400000|100%| E|CS|TAMS 0x00000000ef300000, 0x00000000ef300000| Complete 
| 244|0x00000000ef400000, 0x00000000ef500000, 0x00000000ef500000|100%| E|CS|TAMS 0x00000000ef400000, 0x00000000ef400000| Complete 
| 245|0x00000000ef500000, 0x00000000ef600000, 0x00000000ef600000|100%| E|CS|TAMS 0x00000000ef500000, 0x00000000ef500000| Complete 
| 246|0x00000000ef600000, 0x00000000ef700000, 0x00000000ef700000|100%| E|CS|TAMS 0x00000000ef600000, 0x00000000ef600000| Complete 
| 247|0x00000000ef700000, 0x00000000ef800000, 0x00000000ef800000|100%| E|CS|TAMS 0x00000000ef700000, 0x00000000ef700000| Complete 
| 248|0x00000000ef800000, 0x00000000ef900000, 0x00000000ef900000|100%| E|CS|TAMS 0x00000000ef800000, 0x00000000ef800000| Complete 
| 249|0x00000000ef900000, 0x00000000efa00000, 0x00000000efa00000|100%| E|CS|TAMS 0x00000000ef900000, 0x00000000ef900000| Complete 
| 250|0x00000000efa00000, 0x00000000efb00000, 0x00000000efb00000|100%| E|CS|TAMS 0x00000000efa00000, 0x00000000efa00000| Complete 
| 251|0x00000000efb00000, 0x00000000efc00000, 0x00000000efc00000|100%| E|CS|TAMS 0x00000000efb00000, 0x00000000efb00000| Complete 
| 252|0x00000000efc00000, 0x00000000efd00000, 0x00000000efd00000|100%| E|CS|TAMS 0x00000000efc00000, 0x00000000efc00000| Complete 
| 253|0x00000000efd00000, 0x00000000efe00000, 0x00000000efe00000|100%| E|CS|TAMS 0x00000000efd00000, 0x00000000efd00000| Complete 
| 254|0x00000000efe00000, 0x00000000eff00000, 0x00000000eff00000|100%| E|CS|TAMS 0x00000000efe00000, 0x00000000efe00000| Complete 
| 255|0x00000000eff00000, 0x00000000f0000000, 0x00000000f0000000|100%| E|CS|TAMS 0x00000000eff00000, 0x00000000eff00000| Complete 

Card table byte_map: [0x00000197e8490000,0x00000197e8590000] _byte_map_base: 0x00000197e7d90000

Marking Bits (Prev, Next): (CMBitMap*) 0x00000197d15381a0, (CMBitMap*) 0x00000197d15381e0
 Prev Bits: [0x00000197e8690000, 0x00000197e8e90000)
 Next Bits: [0x00000197e8e90000, 0x00000197e9690000)

Polling page: 0x00000197cf480000

Metaspace:

Usage:
  Non-class:     17.02 MB used.
      Class:      2.94 MB used.
       Both:     19.97 MB used.

Virtual space:
  Non-class space:       64.00 MB reserved,      17.38 MB ( 27%) committed,  1 nodes.
      Class space:      308.00 MB reserved,       3.31 MB (  1%) committed,  1 nodes.
             Both:      372.00 MB reserved,      20.69 MB (  6%) committed. 

Chunk freelists:
   Non-Class:  1.73 MB
       Class:  748.00 KB
        Both:  2.46 MB

MaxMetaspaceSize: 384.00 MB
CompressedClassSpaceSize: 308.00 MB
Initial GC threshold: 21.00 MB
Current GC threshold: 21.00 MB
CDS: on
MetaspaceReclaimPolicy: balanced
 - commit_granule_bytes: 65536.
 - commit_granule_words: 8192.
 - virtual_space_node_default_size: 8388608.
 - enlarge_chunks_in_place: 1.
 - new_chunks_are_fully_committed: 0.
 - uncommit_free_chunks: 1.
 - use_allocation_guard: 0.


Internal statistics:

num_allocs_failed_limit: 0.
num_arena_births: 1070.
num_arena_deaths: 0.
num_vsnodes_births: 2.
num_vsnodes_deaths: 0.
num_space_committed: 331.
num_space_uncommitted: 0.
num_chunks_returned_to_freelist: 0.
num_chunks_taken_from_freelist: 1935.
num_chunk_merges: 0.
num_chunk_splits: 1231.
num_chunks_enlarged: 776.
num_inconsistent_stats: 0.

CodeHeap 'non-profiled nmethods': size=120000Kb used=1405Kb max_used=1405Kb free=118594Kb
 bounds [0x00000197e0910000, 0x00000197e0b80000, 0x00000197e7e40000]
CodeHeap 'profiled nmethods': size=120000Kb used=5712Kb max_used=5712Kb free=114287Kb
 bounds [0x00000197d93e0000, 0x00000197d9980000, 0x00000197e0910000]
CodeHeap 'non-nmethods': size=5760Kb used=1250Kb max_used=1301Kb free=4509Kb
 bounds [0x00000197d8e40000, 0x00000197d90b0000, 0x00000197d93e0000]
 total_blobs=3362 nmethods=2813 adapters=461
 compilation: enabled
              stopped_count=0, restarted_count=0
 full_count=0

Compilation events (20 events):
Event: 3.365 Thread 0x00000197ec285130 2706       3       java.lang.invoke.MethodHandle::asFixedArity (23 bytes)
Event: 3.365 Thread 0x00000197ec285130 nmethod 2706 0x00000197d9922590 code [0x00000197d9922720, 0x00000197d9922838]
Event: 3.366 Thread 0x00000197ec285130 2707       3       jdk.internal.reflect.MethodHandleAccessorFactory::ensureClassInitialized (18 bytes)
Event: 3.367 Thread 0x00000197ec285130 nmethod 2707 0x00000197d9922910 code [0x00000197d9922b00, 0x00000197d9922f78]
Event: 3.368 Thread 0x00000197ec285130 2708   !   3       jdk.internal.reflect.DirectConstructorHandleAccessor::newInstance (148 bytes)
Event: 3.370 Thread 0x00000197ec285130 nmethod 2708 0x00000197d9923110 code [0x00000197d99236a0, 0x00000197d9926248]
Event: 3.370 Thread 0x00000197ec285130 2709       3       jdk.internal.reflect.DirectConstructorHandleAccessor::invokeImpl (107 bytes)
Event: 3.372 Thread 0x00000197ec285130 nmethod 2709 0x00000197d9927a10 code [0x00000197d9927de0, 0x00000197d9929b18]
Event: 3.375 Thread 0x00000197ec285130 2710       3       jdk.internal.loader.Resource::getByteBuffer (24 bytes)
Event: 3.375 Thread 0x00000197ec285130 nmethod 2710 0x00000197d992a410 code [0x00000197d992a600, 0x00000197d992ad78]
Event: 3.375 Thread 0x00000197ec285130 2711       3       jdk.internal.loader.URLClassPath$JarLoader$2::getCodeSigners (8 bytes)
Event: 3.376 Thread 0x00000197ec285130 nmethod 2711 0x00000197d992af90 code [0x00000197d992b140, 0x00000197d992b308]
Event: 3.376 Thread 0x00000197ec285130 2712       3       jdk.internal.org.objectweb.asm.SymbolTable::addUninitializedType (103 bytes)
Event: 3.376 Thread 0x00000197ec285130 nmethod 2712 0x00000197d992b410 code [0x00000197d992b620, 0x00000197d992bbd8]
Event: 3.376 Thread 0x00000197ec285130 2713       3       jdk.internal.org.objectweb.asm.SymbolTable::getType (7 bytes)
Event: 3.376 Thread 0x00000197ec285130 nmethod 2713 0x00000197d992be90 code [0x00000197d992c020, 0x00000197d992c158]
Event: 3.377 Thread 0x00000197ec285130 2714       3       jdk.internal.reflect.ReflectionFactory::useMethodHandleAccessor (15 bytes)
Event: 3.377 Thread 0x00000197ec285130 nmethod 2714 0x00000197d992c210 code [0x00000197d992c3a0, 0x00000197d992c4f8]
Event: 3.377 Thread 0x00000197ec285130 2715       3       jdk.internal.reflect.MethodHandleAccessorFactory::useNativeAccessor (74 bytes)
Event: 3.377 Thread 0x00000197ec285130 nmethod 2715 0x00000197d992c590 code [0x00000197d992c7e0, 0x00000197d992d038]

GC Heap History (4 events):
Event: 0.710 GC heap before
{Heap before GC invocations=0 (full 0):
 garbage-first heap   total 262144K, used 26624K [0x00000000e0000000, 0x0000000100000000)
  region size 1024K, 23 young (23552K), 0 survivors (0K)
 Metaspace       used 3082K, committed 3264K, reserved 380928K
  class space    used 388K, committed 448K, reserved 315392K
}
Event: 0.714 GC heap after
{Heap after GC invocations=1 (full 0):
 garbage-first heap   total 262144K, used 10551K [0x00000000e0000000, 0x0000000100000000)
  region size 1024K, 3 young (3072K), 3 survivors (3072K)
 Metaspace       used 3082K, committed 3264K, reserved 380928K
  class space    used 388K, committed 448K, reserved 315392K
}
Event: 1.180 GC heap before
{Heap before GC invocations=1 (full 0):
 garbage-first heap   total 262144K, used 39223K [0x00000000e0000000, 0x0000000100000000)
  region size 1024K, 30 young (30720K), 3 survivors (3072K)
 Metaspace       used 4055K, committed 4224K, reserved 380928K
  class space    used 489K, committed 576K, reserved 315392K
}
Event: 1.184 GC heap after
{Heap after GC invocations=2 (full 0):
 garbage-first heap   total 262144K, used 13140K [0x00000000e0000000, 0x0000000100000000)
  region size 1024K, 3 young (3072K), 3 survivors (3072K)
 Metaspace       used 4055K, committed 4224K, reserved 380928K
  class space    used 489K, committed 576K, reserved 315392K
}

Deoptimization events (20 events):
Event: 2.999 Thread 0x00000197f200b050 DEOPT PACKING pc=0x00000197d9881d6a sp=0x0000007fb48f9d40
Event: 2.999 Thread 0x00000197f200b050 DEOPT UNPACKING pc=0x00000197d8e92b43 sp=0x0000007fb48f9250 mode 0
Event: 3.013 Thread 0x00000197f200b050 DEOPT PACKING pc=0x00000197d9881d49 sp=0x0000007fb48f89c0
Event: 3.013 Thread 0x00000197f200b050 DEOPT UNPACKING pc=0x00000197d8e92b43 sp=0x0000007fb48f7ed0 mode 0
Event: 3.128 Thread 0x00000197f200b050 Uncommon trap: trap_request=0xffffff45 fr.pc=0x00000197e0a08220 relative=0x0000000000000100
Event: 3.128 Thread 0x00000197f200b050 Uncommon trap: reason=unstable_if action=reinterpret pc=0x00000197e0a08220 method=java.util.Arrays.equals([Ljava/lang/Object;[Ljava/lang/Object;)Z @ 44 c2
Event: 3.128 Thread 0x00000197f200b050 DEOPT PACKING pc=0x00000197e0a08220 sp=0x0000007fb48fb570
Event: 3.128 Thread 0x00000197f200b050 DEOPT UNPACKING pc=0x00000197d8e923a3 sp=0x0000007fb48fb510 mode 2
Event: 3.128 Thread 0x00000197f200b050 Uncommon trap: trap_request=0xffffff45 fr.pc=0x00000197e09f5040 relative=0x00000000000001a0
Event: 3.128 Thread 0x00000197f200b050 Uncommon trap: reason=unstable_if action=reinterpret pc=0x00000197e09f5040 method=java.util.HashMap.getNode(Ljava/lang/Object;)Ljava/util/HashMap$Node; @ 131 c2
Event: 3.128 Thread 0x00000197f200b050 DEOPT PACKING pc=0x00000197e09f5040 sp=0x0000007fb48fb640
Event: 3.128 Thread 0x00000197f200b050 DEOPT UNPACKING pc=0x00000197d8e923a3 sp=0x0000007fb48fb550 mode 2
Event: 3.128 Thread 0x00000197f200b050 Uncommon trap: trap_request=0xffffffc6 fr.pc=0x00000197e0a281a4 relative=0x00000000000007a4
Event: 3.128 Thread 0x00000197f200b050 Uncommon trap: reason=bimorphic_or_optimized_type_check action=maybe_recompile pc=0x00000197e0a281a4 method=java.util.HashMap.putVal(ILjava/lang/Object;Ljava/lang/Object;ZZ)Ljava/lang/Object; @ 203 c2
Event: 3.128 Thread 0x00000197f200b050 DEOPT PACKING pc=0x00000197e0a281a4 sp=0x0000007fb48fb560
Event: 3.128 Thread 0x00000197f200b050 DEOPT UNPACKING pc=0x00000197d8e923a3 sp=0x0000007fb48fb4f0 mode 2
Event: 3.128 Thread 0x00000197f200b050 Uncommon trap: trap_request=0xffffffc6 fr.pc=0x00000197e0a281a4 relative=0x00000000000007a4
Event: 3.128 Thread 0x00000197f200b050 Uncommon trap: reason=bimorphic_or_optimized_type_check action=maybe_recompile pc=0x00000197e0a281a4 method=java.util.HashMap.putVal(ILjava/lang/Object;Ljava/lang/Object;ZZ)Ljava/lang/Object; @ 203 c2
Event: 3.128 Thread 0x00000197f200b050 DEOPT PACKING pc=0x00000197e0a281a4 sp=0x0000007fb48fb560
Event: 3.128 Thread 0x00000197f200b050 DEOPT UNPACKING pc=0x00000197d8e923a3 sp=0x0000007fb48fb4f0 mode 2

Classes loaded (20 events):
Event: 2.870 Loading class sun/security/provider/ByteArrayAccess$LE
Event: 2.870 Loading class sun/security/provider/ByteArrayAccess$LE done
Event: 2.891 Loading class java/util/concurrent/Semaphore
Event: 2.891 Loading class java/util/concurrent/Semaphore done
Event: 2.893 Loading class java/nio/file/FileVisitOption
Event: 2.893 Loading class java/nio/file/FileVisitOption done
Event: 2.897 Loading class java/util/stream/ReduceOps$1
Event: 2.897 Loading class java/util/stream/ReduceOps$1 done
Event: 2.897 Loading class java/util/stream/ReduceOps$1ReducingSink
Event: 2.898 Loading class java/util/stream/ReduceOps$1ReducingSink done
Event: 3.077 Loading class javax/xml/parsers/ParserConfigurationException
Event: 3.077 Loading class javax/xml/parsers/ParserConfigurationException done
Event: 3.077 Loading class org/xml/sax/SAXException
Event: 3.077 Loading class org/xml/sax/SAXException done
Event: 3.077 Loading class javax/xml/xpath/XPathExpressionException
Event: 3.078 Loading class javax/xml/xpath/XPathException
Event: 3.078 Loading class javax/xml/xpath/XPathException done
Event: 3.078 Loading class javax/xml/xpath/XPathExpressionException done
Event: 3.078 Loading class org/xml/sax/ErrorHandler
Event: 3.078 Loading class org/xml/sax/ErrorHandler done

Classes unloaded (0 events):
No events

Classes redefined (0 events):
No events

Internal exceptions (20 events):
Event: 2.662 Thread 0x00000197f200b050 Exception <a 'java/lang/NoSuchMethodError'{0x00000000ec491b18}: 'java.lang.Object java.lang.invoke.DirectMethodHandle$Holder.invokeStatic(java.lang.Object, java.lang.Object, java.lang.Object, java.lang.Object, java.lang.Object, java.lang.Object, java.lang.Object, java.lang.Object, java.lang.Object, java.lang.Object, java.lang.Object, java.lang.Object, java.lang.Object, java.lang.Object, java.lang.Object, java.lang.Object, java.lang.Object, java.lang.Object, java.lang.Object, java.lang.Object, java.lang.Obj
Event: 2.664 Thread 0x00000197f200b050 Exception <a 'java/lang/NoSuchMethodError'{0x00000000ec4c06e0}: 'java.lang.Object java.lang.invoke.DirectMethodHandle$Holder.invokeStatic(java.lang.Object, java.lang.Object, java.lang.Object, java.lang.Object, java.lang.Object, java.lang.Object, java.lang.Object, java.lang.Object, java.lang.Object, java.lang.Object, java.lang.Object, java.lang.Object, java.lang.Object, java.lang.Object, java.lang.Object, java.lang.Object, java.lang.Object, java.lang.Object, java.lang.Object, java.lang.Object, java.lang.Obj
Event: 2.666 Thread 0x00000197f200b050 Exception <a 'java/lang/NoSuchMethodError'{0x00000000ec4f1020}: 'java.lang.Object java.lang.invoke.DirectMethodHandle$Holder.invokeStatic(java.lang.Object, java.lang.Object, java.lang.Object, java.lang.Object, java.lang.Object, java.lang.Object, java.lang.Object, java.lang.Object, java.lang.Object, java.lang.Object, java.lang.Object, java.lang.Object, java.lang.Object, java.lang.Object, java.lang.Object, java.lang.Object, java.lang.Object, java.lang.Object, java.lang.Object, java.lang.Object, java.lang.Obj
Event: 2.727 Thread 0x00000197f2365b30 Exception <a 'java/lang/NoSuchMethodError'{0x00000000ec048108}: static Lorg/gradle/internal/build/event/types/DefaultOperationStartedProgressEvent;.<clinit>()V> (0x00000000ec048108) 
thrown [s\open\src\hotspot\share\prims\jni.cpp, line 1104]
Event: 2.728 Thread 0x00000197f2365b30 Exception <a 'java/lang/NoSuchMethodError'{0x00000000ec04a1d0}: static Lorg/gradle/internal/build/event/types/AbstractProgressEvent;.<clinit>()V> (0x00000000ec04a1d0) 
thrown [s\open\src\hotspot\share\prims\jni.cpp, line 1104]
Event: 2.730 Thread 0x00000197f2365b30 Exception <a 'java/lang/NoSuchMethodError'{0x00000000ec053498}: static Lorg/gradle/internal/build/event/types/DefaultOperationDescriptor;.<clinit>()V> (0x00000000ec053498) 
thrown [s\open\src\hotspot\share\prims\jni.cpp, line 1104]
Event: 2.731 Thread 0x00000197f2365b30 Exception <a 'java/lang/NoSuchMethodError'{0x00000000ec0582a8}: 'long java.lang.invoke.DirectMethodHandle$Holder.invokeSpecial(java.lang.Object, java.lang.Object)'> (0x00000000ec0582a8) 
thrown [s\open\src\hotspot\share\interpreter\linkResolver.cpp, line 759]
Event: 2.731 Thread 0x00000197f2365b30 Exception <a 'java/lang/NoSuchMethodError'{0x00000000ec05b740}: 'long java.lang.invoke.Invokers$Holder.invokeExact_MT(java.lang.Object, java.lang.Object)'> (0x00000000ec05b740) 
thrown [s\open\src\hotspot\share\interpreter\linkResolver.cpp, line 759]
Event: 2.734 Thread 0x00000197f2365b30 Exception <a 'java/lang/NoSuchMethodError'{0x00000000ec072288}: static Lorg/gradle/internal/operations/OperationIdentifier;.<clinit>()V> (0x00000000ec072288) 
thrown [s\open\src\hotspot\share\prims\jni.cpp, line 1104]
Event: 2.859 Thread 0x00000197f200b050 Exception <a 'java/lang/IncompatibleClassChangeError'{0x00000000eba78110}: Found class java.lang.Object, but interface was expected> (0x00000000eba78110) 
thrown [s\open\src\hotspot\share\interpreter\linkResolver.cpp, line 826]
Event: 2.895 Thread 0x00000197f200b050 Exception <a 'java/lang/NoSuchMethodError'{0x00000000eb82c908}: 'int java.lang.invoke.DirectMethodHandle$Holder.invokeSpecialIFC(java.lang.Object, java.lang.Object, java.lang.Object, java.lang.Object)'> (0x00000000eb82c908) 
thrown [s\open\src\hotspot\share\interpreter\linkResolver.cpp, line 759]
Event: 2.897 Thread 0x00000197f200b050 Exception <a 'java/lang/NoSuchMethodError'{0x00000000eb83bd18}: 'java.lang.Object java.lang.invoke.DirectMethodHandle$Holder.invokeInterface(java.lang.Object, java.lang.Object, java.lang.Object)'> (0x00000000eb83bd18) 
thrown [s\open\src\hotspot\share\interpreter\linkResolver.cpp, line 759]
Event: 2.897 Thread 0x00000197f200b050 Exception <a 'java/lang/IncompatibleClassChangeError'{0x00000000eb83f928}: Found class java.lang.Object, but interface was expected> (0x00000000eb83f928) 
thrown [s\open\src\hotspot\share\interpreter\linkResolver.cpp, line 826]
Event: 2.898 Thread 0x00000197f200b050 Exception <a 'java/lang/NoSuchMethodError'{0x00000000eb847ab0}: 'java.lang.Object java.lang.invoke.DirectMethodHandle$Holder.newInvokeSpecial(java.lang.Object, java.lang.Object, java.lang.Object, java.lang.Object, java.lang.Object, java.lang.Object, java.lang.Object, java.lang.Object, java.lang.Object, java.lang.Object, java.lang.Object)'> (0x00000000eb847ab0) 
thrown [s\open\src\hotspot\share\interpreter\linkResolver.cpp, line 759]
Event: 2.899 Thread 0x00000197f200b050 Exception <a 'java/lang/NoSuchMethodError'{0x00000000eb84cda0}: 'java.lang.Object java.lang.invoke.DirectMethodHandle$Holder.invokeSpecial(java.lang.Object, java.lang.Object, java.lang.Object, java.lang.Object, java.lang.Object, java.lang.Object, java.lang.Object, java.lang.Object, java.lang.Object, java.lang.Object, java.lang.Object, java.lang.Object)'> (0x00000000eb84cda0) 
thrown [s\open\src\hotspot\share\interpreter\linkResolver.cpp, line 759]
Event: 2.934 Thread 0x00000197f200b050 Exception <a 'java/lang/NoSuchMethodError'{0x00000000eb63eaa8}: 'int java.lang.invoke.DirectMethodHandle$Holder.invokeStatic(java.lang.Object, java.lang.Object, java.lang.Object, java.lang.Object)'> (0x00000000eb63eaa8) 
thrown [s\open\src\hotspot\share\interpreter\linkResolver.cpp, line 759]
Event: 3.007 Thread 0x00000197f200b050 Exception <a 'java/lang/NoSuchMethodError'{0x00000000eb3f0890}: 'java.lang.Object java.lang.invoke.DirectMethodHandle$Holder.invokeSpecial(java.lang.Object, java.lang.Object, java.lang.Object, java.lang.Object, java.lang.Object, java.lang.Object, java.lang.Object, java.lang.Object, java.lang.Object, java.lang.Object, java.lang.Object, java.lang.Object, java.lang.Object, java.lang.Object, java.lang.Object, java.lang.Object, java.lang.Object, java.lang.Object, java.lang.Object, java.lang.Object, java.lang.Ob
Event: 3.141 Thread 0x00000197f200b050 Exception <a 'java/lang/NoSuchMethodError'{0x00000000eadc3678}: 'java.lang.Object java.lang.invoke.DirectMethodHandle$Holder.newInvokeSpecial(java.lang.Object, java.lang.Object, java.lang.Object, java.lang.Object, java.lang.Object, java.lang.Object, java.lang.Object)'> (0x00000000eadc3678) 
thrown [s\open\src\hotspot\share\interpreter\linkResolver.cpp, line 759]
Event: 3.141 Thread 0x00000197f200b050 Exception <a 'java/lang/NoSuchMethodError'{0x00000000eadc80a8}: 'java.lang.Object java.lang.invoke.Invokers$Holder.linkToTargetMethod(java.lang.Object, java.lang.Object, java.lang.Object, java.lang.Object, java.lang.Object, java.lang.Object, java.lang.Object)'> (0x00000000eadc80a8) 
thrown [s\open\src\hotspot\share\interpreter\linkResolver.cpp, line 759]
Event: 3.166 Thread 0x00000197f200b050 Exception <a 'java/lang/NoSuchMethodError'{0x00000000eab10800}: 'java.lang.Object java.lang.invoke.DirectMethodHandle$Holder.invokeVirtual(java.lang.Object, java.lang.Object, java.lang.Object, java.lang.Object, java.lang.Object, java.lang.Object, java.lang.Object, java.lang.Object, java.lang.Object, java.lang.Object, java.lang.Object, java.lang.Object, java.lang.Object, java.lang.Object, java.lang.Object, java.lang.Object, java.lang.Object, java.lang.Object, java.lang.Object, java.lang.Object, java.lang.Ob

VM Operations (20 events):
Event: 1.730 Executing VM operation: HandshakeAllThreads
Event: 1.730 Executing VM operation: HandshakeAllThreads done
Event: 1.913 Executing VM operation: HandshakeAllThreads
Event: 1.913 Executing VM operation: HandshakeAllThreads done
Event: 2.236 Executing VM operation: HandshakeAllThreads
Event: 2.236 Executing VM operation: HandshakeAllThreads done
Event: 2.236 Executing VM operation: Cleanup
Event: 2.237 Executing VM operation: Cleanup done
Event: 2.334 Executing VM operation: HandshakeAllThreads
Event: 2.334 Executing VM operation: HandshakeAllThreads done
Event: 2.621 Executing VM operation: HandshakeAllThreads
Event: 2.621 Executing VM operation: HandshakeAllThreads done
Event: 2.621 Executing VM operation: HandshakeAllThreads
Event: 2.621 Executing VM operation: HandshakeAllThreads done
Event: 2.671 Executing VM operation: HandshakeAllThreads
Event: 2.671 Executing VM operation: HandshakeAllThreads done
Event: 2.671 Executing VM operation: HandshakeAllThreads
Event: 2.672 Executing VM operation: HandshakeAllThreads done
Event: 3.212 Executing VM operation: ICBufferFull
Event: 3.212 Executing VM operation: ICBufferFull done

Events (20 events):
Event: 0.565 Loaded shared library C:\Users\Legion\.gradle\native\68d5fa5c4cc2d200863cafc0d521ce42e7d3e7ee720ec0a83991735586a16f82\windows-amd64\native-platform.dll
Event: 0.576 Loaded shared library C:\Users\Legion\.gradle\native\e376f236ea51e6404a007f0833ffe2c6e607c4080706a723a18a27aeea778392\windows-amd64\native-platform-file-events.dll
Event: 1.251 Thread 0x00000197f1c1f750 Thread added: 0x00000197f1c1f750
Event: 1.472 Loaded shared library C:\Program Files\Java\jdk-18.0.2.1\bin\management.dll
Event: 1.477 Loaded shared library C:\Program Files\Java\jdk-18.0.2.1\bin\management_ext.dll
Event: 1.521 Thread 0x00000197f1f6b8c0 Thread added: 0x00000197f1f6b8c0
Event: 1.880 Thread 0x00000197f1f50b30 Thread added: 0x00000197f1f50b30
Event: 1.944 Thread 0x00000197f20adde0 Thread added: 0x00000197f20adde0
Event: 1.964 Thread 0x00000197f1c63790 Thread added: 0x00000197f1c63790
Event: 1.969 Thread 0x00000197f1c63c50 Thread added: 0x00000197f1c63c50
Event: 1.999 Thread 0x00000197f1d4a3f0 Thread added: 0x00000197f1d4a3f0
Event: 2.005 Thread 0x00000197f200b050 Thread added: 0x00000197f200b050
Event: 2.015 Thread 0x00000197f2365660 Thread added: 0x00000197f2365660
Event: 2.018 Thread 0x00000197f2363e50 Thread added: 0x00000197f2363e50
Event: 2.021 Thread 0x00000197f2365b30 Thread added: 0x00000197f2365b30
Event: 2.541 Thread 0x00000197f2367340 Thread added: 0x00000197f2367340
Event: 2.550 Thread 0x00000197f23647f0 Thread added: 0x00000197f23647f0
Event: 2.839 Thread 0x00000197f1c1f750 Thread exited: 0x00000197f1c1f750
Event: 2.882 Thread 0x00000197f2363980 Thread added: 0x00000197f2363980
Event: 3.310 Thread 0x00000197f43edc50 Thread added: 0x00000197f43edc50


Dynamic libraries:
0x00007ff7280e0000 - 0x00007ff7280f0000 	C:\Program Files\Java\jdk-18.0.2.1\bin\java.exe
0x00007ffc43df0000 - 0x00007ffc43fe7000 	C:\Windows\SYSTEM32\ntdll.dll
0x00007ffc432f0000 - 0x00007ffc433ad000 	C:\Windows\System32\KERNEL32.DLL
0x00007ffc418b0000 - 0x00007ffc41ba6000 	C:\Windows\System32\KERNELBASE.dll
0x00007ffc41be0000 - 0x00007ffc41ce0000 	C:\Windows\System32\ucrtbase.dll
0x00007ffc00a60000 - 0x00007ffc00a78000 	C:\Program Files\Java\jdk-18.0.2.1\bin\jli.dll
0x00007ffc00a40000 - 0x00007ffc00a5a000 	C:\Program Files\Java\jdk-18.0.2.1\bin\VCRUNTIME140.dll
0x00007ffc41e50000 - 0x00007ffc41efe000 	C:\Windows\System32\ADVAPI32.dll
0x00007ffc43d10000 - 0x00007ffc43dae000 	C:\Windows\System32\msvcrt.dll
0x00007ffc41f00000 - 0x00007ffc41f9c000 	C:\Windows\System32\sechost.dll
0x00007ffc42300000 - 0x00007ffc42426000 	C:\Windows\System32\RPCRT4.dll
0x00007ffc433b0000 - 0x00007ffc4354e000 	C:\Windows\System32\USER32.dll
0x00007ffc33160000 - 0x00007ffc333fa000 	C:\Windows\WinSxS\amd64_microsoft.windows.common-controls_6595b64144ccf1df_6.0.19041.3570_none_60bb2a3971f3e41a\COMCTL32.dll
0x00007ffc41bb0000 - 0x00007ffc41bd2000 	C:\Windows\System32\win32u.dll
0x00007ffc435e0000 - 0x00007ffc4360c000 	C:\Windows\System32\GDI32.dll
0x00007ffc41d30000 - 0x00007ffc41e4a000 	C:\Windows\System32\gdi32full.dll
0x00007ffc41600000 - 0x00007ffc4169d000 	C:\Windows\System32\msvcp_win.dll
0x00007ffc37d30000 - 0x00007ffc37d3a000 	C:\Windows\SYSTEM32\VERSION.dll
0x00007ffc43550000 - 0x00007ffc43580000 	C:\Windows\System32\IMM32.DLL
0x00007ffc17900000 - 0x00007ffc1790c000 	C:\Program Files\Java\jdk-18.0.2.1\bin\vcruntime140_1.dll
0x00007ffc009b0000 - 0x00007ffc00a3d000 	C:\Program Files\Java\jdk-18.0.2.1\bin\msvcp140.dll
0x00007ffbea400000 - 0x00007ffbeb011000 	C:\Program Files\Java\jdk-18.0.2.1\bin\server\jvm.dll
0x00007ffc422f0000 - 0x00007ffc422f8000 	C:\Windows\System32\PSAPI.DLL
0x00007ffc35d60000 - 0x00007ffc35d87000 	C:\Windows\SYSTEM32\WINMM.dll
0x00007ffc26ce0000 - 0x00007ffc26ce9000 	C:\Windows\SYSTEM32\WSOCK32.dll
0x00007ffc43ca0000 - 0x00007ffc43d0b000 	C:\Windows\System32\WS2_32.dll
0x00007ffc3fd00000 - 0x00007ffc3fd12000 	C:\Windows\SYSTEM32\kernel.appcore.dll
0x00007ffc009a0000 - 0x00007ffc009aa000 	C:\Program Files\Java\jdk-18.0.2.1\bin\jimage.dll
0x00007ffc3f1f0000 - 0x00007ffc3f3d4000 	C:\Windows\SYSTEM32\DBGHELP.DLL
0x00007ffc2c480000 - 0x00007ffc2c4b4000 	C:\Windows\SYSTEM32\dbgcore.DLL
0x00007ffc41540000 - 0x00007ffc415c2000 	C:\Windows\System32\bcryptPrimitives.dll
0x00007ffc3b160000 - 0x00007ffc3b16e000 	C:\Program Files\Java\jdk-18.0.2.1\bin\instrument.dll
0x00007ffc00970000 - 0x00007ffc00995000 	C:\Program Files\Java\jdk-18.0.2.1\bin\java.dll
0x00007ffbec6e0000 - 0x00007ffbec7b6000 	C:\Program Files\Java\jdk-18.0.2.1\bin\jsvml.dll
0x00007ffc42b90000 - 0x00007ffc432d4000 	C:\Windows\System32\SHELL32.dll
0x00007ffc3f550000 - 0x00007ffc3fceb000 	C:\Windows\SYSTEM32\windows.storage.dll
0x00007ffc43610000 - 0x00007ffc43964000 	C:\Windows\System32\combase.dll
0x00007ffc40f10000 - 0x00007ffc40f3d000 	C:\Windows\SYSTEM32\Wldp.dll
0x00007ffc43970000 - 0x00007ffc43a1d000 	C:\Windows\System32\SHCORE.dll
0x00007ffc42430000 - 0x00007ffc42485000 	C:\Windows\System32\shlwapi.dll
0x00007ffc41400000 - 0x00007ffc41425000 	C:\Windows\SYSTEM32\profapi.dll
0x00007ffbec680000 - 0x00007ffbec698000 	C:\Program Files\Java\jdk-18.0.2.1\bin\zip.dll
0x00007ffbec6c0000 - 0x00007ffbec6d3000 	C:\Program Files\Java\jdk-18.0.2.1\bin\net.dll
0x00007ffc37010000 - 0x00007ffc3711a000 	C:\Windows\SYSTEM32\WINHTTP.dll
0x00007ffc40c70000 - 0x00007ffc40cda000 	C:\Windows\system32\mswsock.dll
0x00007ffbec6a0000 - 0x00007ffbec6b6000 	C:\Program Files\Java\jdk-18.0.2.1\bin\nio.dll
0x00007ffc3b170000 - 0x00007ffc3b180000 	C:\Program Files\Java\jdk-18.0.2.1\bin\verify.dll
0x00007ffc3b040000 - 0x00007ffc3b067000 	C:\Users\Legion\.gradle\native\68d5fa5c4cc2d200863cafc0d521ce42e7d3e7ee720ec0a83991735586a16f82\windows-amd64\native-platform.dll
0x00007ffc1bac0000 - 0x00007ffc1bc04000 	C:\Users\Legion\.gradle\native\e376f236ea51e6404a007f0833ffe2c6e607c4080706a723a18a27aeea778392\windows-amd64\native-platform-file-events.dll
0x00007ffc392c0000 - 0x00007ffc392c9000 	C:\Program Files\Java\jdk-18.0.2.1\bin\management.dll
0x00007ffc36ac0000 - 0x00007ffc36acb000 	C:\Program Files\Java\jdk-18.0.2.1\bin\management_ext.dll
0x00007ffc40e70000 - 0x00007ffc40e88000 	C:\Windows\SYSTEM32\CRYPTSP.dll
0x00007ffc40510000 - 0x00007ffc40544000 	C:\Windows\system32\rsaenh.dll
0x00007ffc415d0000 - 0x00007ffc415f7000 	C:\Windows\System32\bcrypt.dll
0x00007ffc41380000 - 0x00007ffc413ae000 	C:\Windows\SYSTEM32\USERENV.dll
0x00007ffc40e60000 - 0x00007ffc40e6c000 	C:\Windows\SYSTEM32\CRYPTBASE.dll
0x00007ffc40910000 - 0x00007ffc4094b000 	C:\Windows\SYSTEM32\IPHLPAPI.DLL
0x00007ffc42980000 - 0x00007ffc42988000 	C:\Windows\System32\NSI.dll
0x00007ffc378f0000 - 0x00007ffc37907000 	C:\Windows\SYSTEM32\dhcpcsvc6.DLL
0x00007ffc37930000 - 0x00007ffc3794d000 	C:\Windows\SYSTEM32\dhcpcsvc.DLL
0x00007ffc40950000 - 0x00007ffc40a1a000 	C:\Windows\SYSTEM32\DNSAPI.dll

dbghelp: loaded successfully - version: 4.0.5 - missing functions: none
symbol engine: initialized successfully - sym options: 0x614 - pdb path: .;C:\Program Files\Java\jdk-18.0.2.1\bin;C:\Windows\SYSTEM32;C:\Windows\WinSxS\amd64_microsoft.windows.common-controls_6595b64144ccf1df_6.0.19041.3570_none_60bb2a3971f3e41a;C:\Program Files\Java\jdk-18.0.2.1\bin\server;C:\Users\Legion\.gradle\native\68d5fa5c4cc2d200863cafc0d521ce42e7d3e7ee720ec0a83991735586a16f82\windows-amd64;C:\Users\Legion\.gradle\native\e376f236ea51e6404a007f0833ffe2c6e607c4080706a723a18a27aeea778392\windows-amd64

VM Arguments:
jvm_args: --add-opens=java.base/java.util=ALL-UNNAMED --add-opens=java.base/java.lang=ALL-UNNAMED --add-opens=java.base/java.lang.invoke=ALL-UNNAMED --add-opens=java.prefs/java.util.prefs=ALL-UNNAMED --add-opens=java.base/java.nio.charset=ALL-UNNAMED --add-opens=java.base/java.net=ALL-UNNAMED --add-opens=java.base/java.util.concurrent.atomic=ALL-UNNAMED -XX:MaxMetaspaceSize=384m -XX:+HeapDumpOnOutOfMemoryError -Xms256m -Xmx512m -Dfile.encoding=windows-1252 -Duser.country=GB -Duser.language=en -Duser.variant -javaagent:C:\Users\Legion\.gradle\wrapper\dists\gradle-8.3-bin\dxjbbhstwasg8cbags9q7cvli\gradle-8.3\lib\agents\gradle-instrumentation-agent-8.3.jar 
java_command: org.gradle.launcher.daemon.bootstrap.GradleDaemon 8.3
java_class_path (initial): C:\Users\Legion\.gradle\wrapper\dists\gradle-8.3-bin\dxjbbhstwasg8cbags9q7cvli\gradle-8.3\lib\gradle-launcher-8.3.jar
Launcher Type: SUN_STANDARD

[Global flags]
     intx CICompilerCount                          = 4                                         {product} {ergonomic}
   size_t CompressedClassSpaceSize                 = 322961408                                 {product} {ergonomic}
     uint ConcGCThreads                            = 3                                         {product} {ergonomic}
     uint G1ConcRefinementThreads                  = 10                                        {product} {ergonomic}
   size_t G1HeapRegionSize                         = 1048576                                   {product} {ergonomic}
    uintx GCDrainStackTargetSize                   = 64                                        {product} {ergonomic}
     bool HeapDumpOnOutOfMemoryError               = true                                   {manageable} {command line}
   size_t InitialHeapSize                          = 268435456                                 {product} {command line}
   size_t MarkStackSize                            = 4194304                                   {product} {ergonomic}
   size_t MaxHeapSize                              = 536870912                                 {product} {command line}
   size_t MaxMetaspaceSize                         = 402653184                                 {product} {command line}
   size_t MaxNewSize                               = 321912832                                 {product} {ergonomic}
   size_t MinHeapDeltaBytes                        = 1048576                                   {product} {ergonomic}
   size_t MinHeapSize                              = 268435456                                 {product} {command line}
    uintx NonNMethodCodeHeapSize                   = 5839372                                {pd product} {ergonomic}
    uintx NonProfiledCodeHeapSize                  = 122909434                              {pd product} {ergonomic}
    uintx ProfiledCodeHeapSize                     = 122909434                              {pd product} {ergonomic}
    uintx ReservedCodeCacheSize                    = 251658240                              {pd product} {ergonomic}
     bool SegmentedCodeCache                       = true                                      {product} {ergonomic}
   size_t SoftMaxHeapSize                          = 536870912                              {manageable} {ergonomic}
     bool UseCompressedClassPointers               = true                           {product lp64_product} {ergonomic}
     bool UseCompressedOops                        = true                           {product lp64_product} {ergonomic}
     bool UseG1GC                                  = true                                      {product} {ergonomic}
     bool UseLargePagesIndividualAllocation        = false                                  {pd product} {ergonomic}

Logging:
Log output configuration:
 #0: stdout all=warning uptime,level,tags foldmultilines=false
 #1: stderr all=off uptime,level,tags foldmultilines=false

Environment Variables:
PATH=C:\Program Files\Common Files\Oracle\Java\javapath;C:\Windows\system32;C:\Windows;C:\Windows\System32\Wbem;C:\Windows\System32\WindowsPowerShell\v1.0\;C:\Windows\System32\OpenSSH\;C:\Program Files\Java\jdk-17\;C:\Program Files\Git\cmd;C:\Program Files\dotnet\;C:\Program Files (x86)\NVIDIA Corporation\PhysX\Common;C:\Program Files\NVIDIA Corporation\NVIDIA NvDLISR;C:\Users\Legion\AppData\Local\Programs\Python\Python312\Scripts\;C:\Users\Legion\AppData\Local\Programs\Python\Python312\;C:\Users\Legion\AppData\Local\Microsoft\WindowsApps;C:\Users\Legion\AppData\Local\Programs\Microsoft VS Code\bin;C:\Program Files\Java\jdk-17\;C:\Program Files\Java\jdk-18.0.2.1\;;C:\Program Files\JetBrains\IntelliJ IDEA 2023.2.3\bin;;C:\Users\Legion\.dotnet\tools
USERNAME=Legion
OS=Windows_NT
PROCESSOR_IDENTIFIER=AMD64 Family 23 Model 96 Stepping 1, AuthenticAMD



---------------  S Y S T E M  ---------------

OS:
 Windows 10 , 64 bit Build 19041 (10.0.19041.3570)
OS uptime: 0 days 0:28 hours

CPU: total 12 (initial active 12) (12 cores per cpu, 2 threads per core) family 23 model 96 stepping 1 microcode 0x0, cx8, cmov, fxsr, ht, mmx, 3dnowpref, sse, sse2, sse3, ssse3, sse4a, sse4.1, sse4.2, popcnt, lzcnt, tsc, tscinvbit, avx, avx2, aes, clmul, bmi1, bmi2, adx, sha, fma, vzeroupper, clflush, clflushopt

Memory: 4k page, system-wide physical 16253M (8282M free)
TotalPageFile size 18685M (AvailPageFile size 7916M)
current process WorkingSet (physical memory assigned to process): 239M, peak: 239M
current process commit charge ("private bytes"): 438M, peak: 439M

vm_info: Java HotSpot(TM) 64-Bit Server VM (18.0.2.1+1-1) for windows-amd64 JRE (18.0.2.1+1-1), built on Aug 16 2022 01:46:33 by "mach5one" with MS VC++ 16.8 / 16.9 (VS2019)

END.
